0 verbose cli /usr/bin/node /usr/bin/npm
1 info using npm@9.2.0
2 info using node@v18.19.1
3 timing npm:load:whichnode Completed in 0ms
4 timing config:load:defaults Completed in 2ms
5 timing config:load:file:/usr/share/nodejs/npm/npmrc Completed in 4ms
6 timing config:load:builtin Completed in 4ms
7 timing config:load:cli Completed in 3ms
8 timing config:load:env Completed in 1ms
9 timing config:load:file:/home/ubuntu/project/.npmrc Completed in 0ms
10 timing config:load:project Completed in 5ms
11 timing config:load:file:/home/ubuntu/.npmrc Completed in 0ms
12 timing config:load:user Completed in 1ms
13 timing config:load:file:/etc/npmrc Completed in 0ms
14 timing config:load:global Completed in 0ms
15 timing config:load:setEnvs Completed in 2ms
16 timing config:load Completed in 18ms
17 timing npm:load:configload Completed in 18ms
18 timing npm:load:mkdirpcache Completed in 0ms
19 timing npm:load:mkdirplogs Completed in 0ms
20 verbose title npm install mocha
21 verbose argv "install" "--save-dev" "mocha"
22 timing npm:load:setTitle Completed in 2ms
23 timing config:load:flatten Completed in 5ms
24 timing npm:load:display Completed in 6ms
25 verbose logfile logs-max:10 dir:/home/ubuntu/.npm/_logs/2024-11-06T15_05_51_302Z-
26 verbose logfile /home/ubuntu/.npm/_logs/2024-11-06T15_05_51_302Z-debug-0.log
27 timing npm:load:logFile Completed in 10ms
28 timing npm:load:timers Completed in 0ms
29 timing npm:load:configScope Completed in 0ms
30 timing npm:load Completed in 38ms
31 timing config:load:flatten Completed in 0ms
32 timing arborist:ctor Completed in 1ms
33 silly logfile start cleaning logs, removing 1 files
34 silly logfile done cleaning log files
35 timing idealTree:init Completed in 94ms
36 timing idealTree:userRequests Completed in 2ms
37 silly idealTree buildDeps
38 silly fetch manifest mocha@*
39 timing arborist:ctor Completed in 0ms
40 http fetch GET 200 https://registry.npmjs.org/mocha 279ms (cache updated)
41 silly placeDep ROOT mocha@10.8.2 OK for: project@1.0.0 want: *
42 silly fetch manifest ansi-colors@^4.1.3
43 silly fetch manifest browser-stdout@^1.3.1
44 silly fetch manifest chokidar@^3.5.3
45 silly fetch manifest debug@^4.3.5
46 silly fetch manifest diff@^5.2.0
47 silly fetch manifest escape-string-regexp@^4.0.0
48 silly fetch manifest find-up@^5.0.0
49 silly fetch manifest glob@^8.1.0
50 silly fetch manifest he@^1.2.0
51 silly fetch manifest js-yaml@^4.1.0
52 silly fetch manifest log-symbols@^4.1.0
53 silly fetch manifest minimatch@^5.1.6
54 silly fetch manifest ms@^2.1.3
55 silly fetch manifest serialize-javascript@^6.0.2
56 silly fetch manifest strip-json-comments@^3.1.1
57 silly fetch manifest supports-color@^8.1.1
58 silly fetch manifest workerpool@^6.5.1
59 silly fetch manifest yargs@^16.2.0
60 silly fetch manifest yargs-parser@^20.2.9
61 silly fetch manifest yargs-unparser@^2.0.0
62 http fetch GET 200 https://registry.npmjs.org/ms 160ms (cache revalidated)
63 http fetch GET 200 https://registry.npmjs.org/browser-stdout 187ms (cache revalidated)
64 http fetch GET 200 https://registry.npmjs.org/escape-string-regexp 186ms (cache revalidated)
65 http fetch GET 200 https://registry.npmjs.org/yargs-unparser 178ms (cache revalidated)
66 http fetch GET 200 https://registry.npmjs.org/chokidar 189ms (cache revalidated)
67 http fetch GET 200 https://registry.npmjs.org/js-yaml 201ms (cache revalidated)
68 http fetch GET 200 https://registry.npmjs.org/he 206ms (cache revalidated)
69 http fetch GET 200 https://registry.npmjs.org/minimatch 212ms (cache revalidated)
70 http fetch GET 200 https://registry.npmjs.org/diff 225ms (cache revalidated)
71 http fetch GET 200 https://registry.npmjs.org/glob 227ms (cache revalidated)
72 http fetch GET 200 https://registry.npmjs.org/workerpool 228ms (cache revalidated)
73 http fetch GET 200 https://registry.npmjs.org/serialize-javascript 235ms (cache revalidated)
74 http fetch GET 200 https://registry.npmjs.org/find-up 242ms (cache revalidated)
75 http fetch GET 200 https://registry.npmjs.org/strip-json-comments 238ms (cache revalidated)
76 http fetch GET 200 https://registry.npmjs.org/yargs-parser 238ms (cache revalidated)
77 http fetch GET 200 https://registry.npmjs.org/supports-color 248ms (cache revalidated)
78 http fetch GET 200 https://registry.npmjs.org/yargs 250ms (cache revalidated)
79 http fetch GET 200 https://registry.npmjs.org/debug 268ms (cache revalidated)
80 http fetch GET 200 https://registry.npmjs.org/ansi-colors 270ms (cache revalidated)
81 http fetch GET 200 https://registry.npmjs.org/log-symbols 281ms (cache revalidated)
82 timing idealTree:#root Completed in 588ms
83 silly placeDep ROOT ansi-colors@4.1.3 OK for: mocha@10.8.2 want: ^4.1.3
84 silly placeDep ROOT browser-stdout@1.3.1 OK for: mocha@10.8.2 want: ^1.3.1
85 silly placeDep ROOT chokidar@3.6.0 OK for: mocha@10.8.2 want: ^3.5.3
86 silly placeDep node_modules/mocha debug@4.3.7 OK for: mocha@10.8.2 want: ^4.3.5
87 silly placeDep ROOT diff@5.2.0 OK for: mocha@10.8.2 want: ^5.2.0
88 silly placeDep ROOT escape-string-regexp@4.0.0 OK for: mocha@10.8.2 want: ^4.0.0
89 silly placeDep ROOT find-up@5.0.0 OK for: mocha@10.8.2 want: ^5.0.0
90 silly placeDep ROOT glob@8.1.0 OK for: mocha@10.8.2 want: ^8.1.0
91 silly placeDep ROOT he@1.2.0 OK for: mocha@10.8.2 want: ^1.2.0
92 silly placeDep ROOT js-yaml@4.1.0 OK for: mocha@10.8.2 want: ^4.1.0
93 silly placeDep ROOT log-symbols@4.1.0 OK for: mocha@10.8.2 want: ^4.1.0
94 silly placeDep ROOT minimatch@5.1.6 OK for: mocha@10.8.2 want: ^5.1.6
95 silly placeDep node_modules/mocha ms@2.1.3 OK for: mocha@10.8.2 want: ^2.1.3
96 silly placeDep ROOT serialize-javascript@6.0.2 OK for: mocha@10.8.2 want: ^6.0.2
97 silly placeDep ROOT strip-json-comments@3.1.1 OK for: mocha@10.8.2 want: ^3.1.1
98 silly placeDep ROOT supports-color@8.1.1 OK for: mocha@10.8.2 want: ^8.1.1
99 silly placeDep ROOT workerpool@6.5.1 OK for: mocha@10.8.2 want: ^6.5.1
100 silly placeDep ROOT yargs@16.2.0 OK for: mocha@10.8.2 want: ^16.2.0
101 silly placeDep ROOT yargs-parser@20.2.9 OK for: mocha@10.8.2 want: ^20.2.9
102 silly placeDep ROOT yargs-unparser@2.0.0 OK for: mocha@10.8.2 want: ^2.0.0
103 silly fetch manifest braces@~3.0.2
104 silly fetch manifest is-glob@~4.0.1
105 silly fetch manifest anymatch@~3.1.2
106 silly fetch manifest readdirp@~3.6.0
107 silly fetch manifest glob-parent@~5.1.2
108 silly fetch manifest is-binary-path@~2.1.0
109 silly fetch manifest normalize-path@~3.0.0
110 silly fetch manifest fsevents@~2.3.2
111 silly fetch manifest locate-path@^6.0.0
112 silly fetch manifest path-exists@^4.0.0
113 silly fetch manifest once@^1.3.0
114 silly fetch manifest inflight@^1.0.4
115 silly fetch manifest fs.realpath@^1.0.0
116 silly fetch manifest argparse@^2.0.1
117 silly fetch manifest chalk@^4.1.0
118 silly fetch manifest is-unicode-supported@^0.1.0
119 silly fetch manifest brace-expansion@^2.0.1
120 silly fetch manifest randombytes@^2.1.0
121 silly fetch manifest has-flag@^4.0.0
122 silly fetch manifest y18n@^5.0.5
123 silly fetch manifest cliui@^7.0.2
124 silly fetch manifest escalade@^3.1.1
125 silly fetch manifest string-width@^4.2.0
126 silly fetch manifest get-caller-file@^2.0.5
127 silly fetch manifest require-directory@^2.1.1
128 silly fetch manifest camelcase@^6.0.0
129 silly fetch manifest decamelize@^4.0.0
130 silly fetch manifest flat@^5.0.2
131 silly fetch manifest is-plain-obj@^2.1.0
132 http fetch GET 200 https://registry.npmjs.org/path-exists 184ms (cache revalidated)
133 http fetch GET 200 https://registry.npmjs.org/randombytes 177ms (cache revalidated)
134 http fetch GET 200 https://registry.npmjs.org/argparse 181ms (cache revalidated)
135 http fetch GET 200 https://registry.npmjs.org/y18n 175ms (cache revalidated)
136 http fetch GET 200 https://registry.npmjs.org/has-flag 177ms (cache revalidated)
137 http fetch GET 200 https://registry.npmjs.org/is-glob 196ms (cache revalidated)
138 http fetch GET 200 https://registry.npmjs.org/is-plain-obj 168ms (cache revalidated)
139 http fetch GET 200 https://registry.npmjs.org/string-width 176ms (cache revalidated)
140 http fetch GET 200 https://registry.npmjs.org/flat 172ms (cache revalidated)
141 http fetch GET 200 https://registry.npmjs.org/camelcase 177ms (cache revalidated)
142 http fetch GET 200 https://registry.npmjs.org/require-directory 180ms (cache revalidated)
143 http fetch GET 200 https://registry.npmjs.org/anymatch 202ms (cache revalidated)
144 http fetch GET 200 https://registry.npmjs.org/chalk 196ms (cache revalidated)
145 http fetch GET 200 https://registry.npmjs.org/escalade 192ms (cache revalidated)
146 http fetch GET 200 https://registry.npmjs.org/inflight 211ms (cache revalidated)
147 http fetch GET 200 https://registry.npmjs.org/once 221ms (cache revalidated)
148 http fetch GET 200 https://registry.npmjs.org/braces 230ms (cache revalidated)
149 http fetch GET 200 https://registry.npmjs.org/fs.realpath 220ms (cache revalidated)
150 http fetch GET 200 https://registry.npmjs.org/cliui 216ms (cache revalidated)
151 http fetch GET 200 https://registry.npmjs.org/get-caller-file 219ms (cache revalidated)
152 http fetch GET 200 https://registry.npmjs.org/is-binary-path 239ms (cache revalidated)
153 http fetch GET 200 https://registry.npmjs.org/is-unicode-supported 230ms (cache revalidated)
154 http fetch GET 200 https://registry.npmjs.org/brace-expansion 231ms (cache revalidated)
155 http fetch GET 200 https://registry.npmjs.org/readdirp 248ms (cache revalidated)
156 http fetch GET 200 https://registry.npmjs.org/fsevents 247ms (cache revalidated)
157 http fetch GET 200 https://registry.npmjs.org/normalize-path 249ms (cache revalidated)
158 http fetch GET 200 https://registry.npmjs.org/locate-path 248ms (cache revalidated)
159 http fetch GET 200 https://registry.npmjs.org/glob-parent 252ms (cache revalidated)
160 http fetch GET 200 https://registry.npmjs.org/decamelize 233ms (cache revalidated)
161 timing idealTree:node_modules/mocha Completed in 304ms
162 timing idealTree:node_modules/ansi-colors Completed in 0ms
163 timing idealTree:node_modules/browser-stdout Completed in 0ms
164 silly placeDep ROOT anymatch@3.1.3 OK for: chokidar@3.6.0 want: ~3.1.2
165 silly placeDep ROOT braces@3.0.3 OK for: chokidar@3.6.0 want: ~3.0.2
166 silly placeDep ROOT fsevents@2.3.3 OK for: chokidar@3.6.0 want: ~2.3.2
167 silly placeDep ROOT glob-parent@5.1.2 OK for: chokidar@3.6.0 want: ~5.1.2
168 silly placeDep ROOT is-binary-path@2.1.0 OK for: chokidar@3.6.0 want: ~2.1.0
169 silly placeDep ROOT is-glob@4.0.3 OK for: chokidar@3.6.0 want: ~4.0.1
170 silly placeDep ROOT normalize-path@3.0.0 OK for: chokidar@3.6.0 want: ~3.0.0
171 silly placeDep ROOT readdirp@3.6.0 OK for: chokidar@3.6.0 want: ~3.6.0
172 silly fetch manifest picomatch@^2.0.4
173 silly fetch manifest fill-range@^7.1.1
174 silly fetch manifest binary-extensions@^2.0.0
175 silly fetch manifest is-extglob@^2.1.1
176 silly fetch manifest picomatch@^2.2.1
177 http fetch GET 200 https://registry.npmjs.org/picomatch 108ms (cache revalidated)
178 http fetch GET 200 https://registry.npmjs.org/picomatch 105ms (cache revalidated)
179 http fetch GET 200 https://registry.npmjs.org/is-extglob 113ms (cache revalidated)
180 http fetch GET 200 https://registry.npmjs.org/fill-range 117ms (cache revalidated)
181 http fetch GET 200 https://registry.npmjs.org/binary-extensions 117ms (cache revalidated)
182 timing idealTree:node_modules/chokidar Completed in 141ms
183 silly placeDep ROOT picomatch@2.3.1 OK for: anymatch@3.1.3 want: ^2.0.4
184 timing idealTree:node_modules/anymatch Completed in 3ms
185 silly placeDep ROOT fill-range@7.1.1 OK for: braces@3.0.3 want: ^7.1.1
186 silly fetch manifest to-regex-range@^5.0.1
187 http fetch GET 200 https://registry.npmjs.org/to-regex-range 60ms (cache revalidated)
188 timing idealTree:node_modules/braces Completed in 64ms
189 timing idealTree:node_modules/diff Completed in 0ms
190 timing idealTree:node_modules/escape-string-regexp Completed in 1ms
191 silly placeDep ROOT to-regex-range@5.0.1 OK for: fill-range@7.1.1 want: ^5.0.1
192 silly fetch manifest is-number@^7.0.0
193 http fetch GET 200 https://registry.npmjs.org/is-number 60ms (cache revalidated)
194 timing idealTree:node_modules/fill-range Completed in 63ms
195 silly placeDep ROOT locate-path@6.0.0 OK for: find-up@5.0.0 want: ^6.0.0
196 silly placeDep ROOT path-exists@4.0.0 OK for: find-up@5.0.0 want: ^4.0.0
197 silly fetch manifest p-locate@^5.0.0
198 http fetch GET 200 https://registry.npmjs.org/p-locate 61ms (cache revalidated)
199 timing idealTree:node_modules/find-up Completed in 66ms
200 timing idealTree:node_modules/fsevents Completed in 0ms
201 silly placeDep ROOT fs.realpath@1.0.0 OK for: glob@8.1.0 want: ^1.0.0
202 silly placeDep ROOT inflight@1.0.6 OK for: glob@8.1.0 want: ^1.0.4
203 silly placeDep ROOT once@1.4.0 OK for: glob@8.1.0 want: ^1.3.0
204 silly fetch manifest wrappy@1
205 http fetch GET 200 https://registry.npmjs.org/wrappy 63ms (cache revalidated)
206 timing idealTree:node_modules/glob Completed in 70ms
207 timing idealTree:node_modules/fs.realpath Completed in 0ms
208 timing idealTree:node_modules/glob-parent Completed in 0ms
209 timing idealTree:node_modules/he Completed in 0ms
210 silly placeDep ROOT wrappy@1.0.2 OK for: inflight@1.0.6 want: 1
211 timing idealTree:node_modules/inflight Completed in 2ms
212 silly placeDep ROOT binary-extensions@2.3.0 OK for: is-binary-path@2.1.0 want: ^2.0.0
213 timing idealTree:node_modules/is-binary-path Completed in 2ms
214 timing idealTree:node_modules/binary-extensions Completed in 0ms
215 silly placeDep ROOT is-extglob@2.1.1 OK for: is-glob@4.0.3 want: ^2.1.1
216 timing idealTree:node_modules/is-glob Completed in 2ms
217 timing idealTree:node_modules/is-extglob Completed in 0ms
218 silly placeDep ROOT argparse@2.0.1 OK for: js-yaml@4.1.0 want: ^2.0.1
219 timing idealTree:node_modules/js-yaml Completed in 1ms
220 timing idealTree:node_modules/argparse Completed in 0ms
221 silly placeDep ROOT p-locate@5.0.0 OK for: locate-path@6.0.0 want: ^5.0.0
222 silly fetch manifest p-limit@^3.0.2
223 http fetch GET 200 https://registry.npmjs.org/p-limit 73ms (cache revalidated)
224 timing idealTree:node_modules/locate-path Completed in 76ms
225 silly placeDep ROOT chalk@4.1.2 OK for: log-symbols@4.1.0 want: ^4.1.0
226 silly placeDep ROOT is-unicode-supported@0.1.0 OK for: log-symbols@4.1.0 want: ^0.1.0
227 silly fetch manifest ansi-styles@^4.1.0
228 silly fetch manifest supports-color@^7.1.0
229 http fetch GET 200 https://registry.npmjs.org/ansi-styles 72ms (cache revalidated)
230 timing idealTree:node_modules/log-symbols Completed in 85ms
231 silly placeDep ROOT ansi-styles@4.3.0 OK for: chalk@4.1.2 want: ^4.1.0
232 silly placeDep node_modules/chalk supports-color@7.2.0 OK for: chalk@4.1.2 want: ^7.1.0
233 silly fetch manifest color-convert@^2.0.1
234 http fetch GET 200 https://registry.npmjs.org/color-convert 63ms (cache revalidated)
235 timing idealTree:node_modules/chalk Completed in 69ms
236 silly placeDep ROOT color-convert@2.0.1 OK for: ansi-styles@4.3.0 want: ^2.0.1
237 silly fetch manifest color-name@~1.1.4
238 http fetch GET 200 https://registry.npmjs.org/color-name 71ms (cache revalidated)
239 timing idealTree:node_modules/ansi-styles Completed in 75ms
240 silly placeDep ROOT color-name@1.1.4 OK for: color-convert@2.0.1 want: ~1.1.4
241 timing idealTree:node_modules/color-convert Completed in 3ms
242 timing idealTree:node_modules/color-name Completed in 0ms
243 timing idealTree:node_modules/is-unicode-supported Completed in 0ms
244 silly placeDep ROOT brace-expansion@2.0.1 OK for: minimatch@5.1.6 want: ^2.0.1
245 silly fetch manifest balanced-match@^1.0.0
246 http fetch GET 200 https://registry.npmjs.org/balanced-match 64ms (cache revalidated)
247 timing idealTree:node_modules/minimatch Completed in 67ms
248 silly placeDep ROOT balanced-match@1.0.2 OK for: brace-expansion@2.0.1 want: ^1.0.0
249 timing idealTree:node_modules/brace-expansion Completed in 2ms
250 timing idealTree:node_modules/balanced-match Completed in 0ms
251 timing idealTree:node_modules/normalize-path Completed in 0ms
252 timing idealTree:node_modules/once Completed in 0ms
253 silly placeDep ROOT p-limit@3.1.0 OK for: p-locate@5.0.0 want: ^3.0.2
254 silly fetch manifest yocto-queue@^0.1.0
255 http fetch GET 200 https://registry.npmjs.org/yocto-queue 57ms (cache revalidated)
256 timing idealTree:node_modules/p-locate Completed in 61ms
257 silly placeDep ROOT yocto-queue@0.1.0 OK for: p-limit@3.1.0 want: ^0.1.0
258 timing idealTree:node_modules/p-limit Completed in 2ms
259 timing idealTree:node_modules/path-exists Completed in 0ms
260 timing idealTree:node_modules/picomatch Completed in 0ms
261 timing idealTree:node_modules/readdirp Completed in 0ms
262 silly placeDep ROOT randombytes@2.1.0 OK for: serialize-javascript@6.0.2 want: ^2.1.0
263 timing idealTree:node_modules/serialize-javascript Completed in 2ms
264 timing idealTree:node_modules/randombytes Completed in 0ms
265 timing idealTree:node_modules/strip-json-comments Completed in 0ms
266 silly placeDep ROOT has-flag@4.0.0 OK for: supports-color@8.1.1 want: ^4.0.0
267 timing idealTree:node_modules/supports-color Completed in 2ms
268 timing idealTree:node_modules/has-flag Completed in 0ms
269 silly placeDep ROOT is-number@7.0.0 OK for: to-regex-range@5.0.1 want: ^7.0.0
270 timing idealTree:node_modules/to-regex-range Completed in 2ms
271 timing idealTree:node_modules/is-number Completed in 0ms
272 timing idealTree:node_modules/workerpool Completed in 0ms
273 timing idealTree:node_modules/wrappy Completed in 0ms
274 silly placeDep ROOT cliui@7.0.4 OK for: yargs@16.2.0 want: ^7.0.2
275 silly placeDep ROOT escalade@3.2.0 OK for: yargs@16.2.0 want: ^3.1.1
276 silly placeDep ROOT get-caller-file@2.0.5 OK for: yargs@16.2.0 want: ^2.0.5
277 silly placeDep ROOT require-directory@2.1.1 OK for: yargs@16.2.0 want: ^2.1.1
278 silly placeDep ROOT string-width@4.2.3 OK for: yargs@16.2.0 want: ^4.2.0
279 silly placeDep ROOT y18n@5.0.8 OK for: yargs@16.2.0 want: ^5.0.5
280 silly fetch manifest wrap-ansi@^7.0.0
281 silly fetch manifest strip-ansi@^6.0.0
282 silly fetch manifest strip-ansi@^6.0.1
283 silly fetch manifest emoji-regex@^8.0.0
284 silly fetch manifest is-fullwidth-code-point@^3.0.0
285 http fetch GET 200 https://registry.npmjs.org/wrap-ansi 74ms (cache revalidated)
286 http fetch GET 200 https://registry.npmjs.org/strip-ansi 75ms (cache revalidated)
287 http fetch GET 200 https://registry.npmjs.org/is-fullwidth-code-point 80ms (cache revalidated)
288 http fetch GET 200 https://registry.npmjs.org/strip-ansi 89ms (cache revalidated)
289 http fetch GET 200 https://registry.npmjs.org/emoji-regex 104ms (cache revalidated)
290 timing idealTree:node_modules/yargs Completed in 125ms
291 silly placeDep ROOT strip-ansi@6.0.1 OK for: cliui@7.0.4 want: ^6.0.0
292 silly placeDep ROOT wrap-ansi@7.0.0 OK for: cliui@7.0.4 want: ^7.0.0
293 silly fetch manifest ansi-regex@^5.0.1
294 http fetch GET 200 https://registry.npmjs.org/ansi-regex 74ms (cache revalidated)
295 timing idealTree:node_modules/cliui Completed in 80ms
296 timing idealTree:node_modules/escalade Completed in 0ms
297 timing idealTree:node_modules/get-caller-file Completed in 0ms
298 timing idealTree:node_modules/require-directory Completed in 0ms
299 silly placeDep ROOT emoji-regex@8.0.0 OK for: string-width@4.2.3 want: ^8.0.0
300 silly placeDep ROOT is-fullwidth-code-point@3.0.0 OK for: string-width@4.2.3 want: ^3.0.0
301 timing idealTree:node_modules/string-width Completed in 3ms
302 timing idealTree:node_modules/emoji-regex Completed in 0ms
303 timing idealTree:node_modules/is-fullwidth-code-point Completed in 0ms
304 silly placeDep ROOT ansi-regex@5.0.1 OK for: strip-ansi@6.0.1 want: ^5.0.1
305 timing idealTree:node_modules/strip-ansi Completed in 2ms
306 timing idealTree:node_modules/ansi-regex Completed in 0ms
307 timing idealTree:node_modules/wrap-ansi Completed in 0ms
308 timing idealTree:node_modules/y18n Completed in 0ms
309 timing idealTree:node_modules/yargs-parser Completed in 0ms
310 silly placeDep ROOT camelcase@6.3.0 OK for: yargs-unparser@2.0.0 want: ^6.0.0
311 silly placeDep ROOT decamelize@4.0.0 OK for: yargs-unparser@2.0.0 want: ^4.0.0
312 silly placeDep ROOT flat@5.0.2 OK for: yargs-unparser@2.0.0 want: ^5.0.2
313 silly placeDep ROOT is-plain-obj@2.1.0 OK for: yargs-unparser@2.0.0 want: ^2.1.0
314 timing idealTree:node_modules/yargs-unparser Completed in 7ms
315 timing idealTree:node_modules/camelcase Completed in 0ms
316 timing idealTree:node_modules/decamelize Completed in 0ms
317 timing idealTree:node_modules/flat Completed in 0ms
318 timing idealTree:node_modules/is-plain-obj Completed in 0ms
319 timing idealTree:node_modules/yocto-queue Completed in 0ms
320 timing idealTree:node_modules/chalk/node_modules/supports-color Completed in 0ms
321 timing idealTree:node_modules/mocha/node_modules/debug Completed in 0ms
322 timing idealTree:node_modules/mocha/node_modules/ms Completed in 0ms
323 timing idealTree:buildDeps Completed in 1977ms
324 timing idealTree:fixDepFlags Completed in 1ms
325 timing idealTree Completed in 2077ms
326 timing reify:loadTrees Completed in 2079ms
327 timing reify:diffTrees Completed in 4ms
328 silly reify moves {}
329 timing reify:retireShallow Completed in 1ms
330 timing reify:createSparse Completed in 41ms
331 timing reify:loadBundles Completed in 0ms
332 silly audit bulk request {
332 silly audit   accepts: [ '1.3.8' ],
332 silly audit   'array-flatten': [ '1.1.1' ],
332 silly audit   'body-parser': [ '1.20.3' ],
332 silly audit   bytes: [ '3.1.2' ],
332 silly audit   'call-bind': [ '1.0.7' ],
332 silly audit   'content-disposition': [ '0.5.4' ],
332 silly audit   'content-type': [ '1.0.5' ],
332 silly audit   cookie: [ '0.7.1' ],
332 silly audit   'cookie-signature': [ '1.0.6' ],
332 silly audit   debug: [ '2.6.9', '4.3.7' ],
332 silly audit   'define-data-property': [ '1.1.4' ],
332 silly audit   depd: [ '2.0.0' ],
332 silly audit   destroy: [ '1.2.0' ],
332 silly audit   'ee-first': [ '1.1.1' ],
332 silly audit   encodeurl: [ '2.0.0', '1.0.2' ],
332 silly audit   'es-define-property': [ '1.0.0' ],
332 silly audit   'es-errors': [ '1.3.0' ],
332 silly audit   'escape-html': [ '1.0.3' ],
332 silly audit   etag: [ '1.8.1' ],
332 silly audit   express: [ '4.21.1' ],
332 silly audit   finalhandler: [ '1.3.1' ],
332 silly audit   forwarded: [ '0.2.0' ],
332 silly audit   fresh: [ '0.5.2' ],
332 silly audit   'function-bind': [ '1.1.2' ],
332 silly audit   'get-intrinsic': [ '1.2.4' ],
332 silly audit   gopd: [ '1.0.1' ],
332 silly audit   'has-property-descriptors': [ '1.0.2' ],
332 silly audit   'has-proto': [ '1.0.3' ],
332 silly audit   'has-symbols': [ '1.0.3' ],
332 silly audit   hasown: [ '2.0.2' ],
332 silly audit   'http-errors': [ '2.0.0' ],
332 silly audit   'iconv-lite': [ '0.4.24' ],
332 silly audit   inherits: [ '2.0.4' ],
332 silly audit   'ipaddr.js': [ '1.9.1' ],
332 silly audit   'media-typer': [ '0.3.0' ],
332 silly audit   'merge-descriptors': [ '1.0.3' ],
332 silly audit   methods: [ '1.1.2' ],
332 silly audit   mime: [ '1.6.0' ],
332 silly audit   'mime-db': [ '1.52.0' ],
332 silly audit   'mime-types': [ '2.1.35' ],
332 silly audit   ms: [ '2.0.0', '2.1.3' ],
332 silly audit   negotiator: [ '0.6.3' ],
332 silly audit   'object-inspect': [ '1.13.2' ],
332 silly audit   'on-finished': [ '2.4.1' ],
332 silly audit   parseurl: [ '1.3.3' ],
332 silly audit   'path-to-regexp': [ '0.1.10' ],
332 silly audit   'proxy-addr': [ '2.0.7' ],
332 silly audit   qs: [ '6.13.0' ],
332 silly audit   'range-parser': [ '1.2.1' ],
332 silly audit   'raw-body': [ '2.5.2' ],
332 silly audit   'safe-buffer': [ '5.2.1' ],
332 silly audit   'safer-buffer': [ '2.1.2' ],
332 silly audit   send: [ '0.19.0' ],
332 silly audit   'serve-static': [ '1.16.2' ],
332 silly audit   'set-function-length': [ '1.2.2' ],
332 silly audit   setprototypeof: [ '1.2.0' ],
332 silly audit   'side-channel': [ '1.0.6' ],
332 silly audit   statuses: [ '2.0.1' ],
332 silly audit   toidentifier: [ '1.0.1' ],
332 silly audit   'type-is': [ '1.6.18' ],
332 silly audit   unpipe: [ '1.0.0' ],
332 silly audit   'utils-merge': [ '1.0.1' ],
332 silly audit   vary: [ '1.1.2' ],
332 silly audit   mocha: [ '10.8.2' ],
332 silly audit   'ansi-colors': [ '4.1.3' ],
332 silly audit   'browser-stdout': [ '1.3.1' ],
332 silly audit   chokidar: [ '3.6.0' ],
332 silly audit   diff: [ '5.2.0' ],
332 silly audit   'escape-string-regexp': [ '4.0.0' ],
332 silly audit   'find-up': [ '5.0.0' ],
332 silly audit   glob: [ '8.1.0' ],
332 silly audit   he: [ '1.2.0' ],
332 silly audit   'js-yaml': [ '4.1.0' ],
332 silly audit   'log-symbols': [ '4.1.0' ],
332 silly audit   minimatch: [ '5.1.6' ],
332 silly audit   'serialize-javascript': [ '6.0.2' ],
332 silly audit   'strip-json-comments': [ '3.1.1' ],
332 silly audit   'supports-color': [ '8.1.1', '7.2.0' ],
332 silly audit   workerpool: [ '6.5.1' ],
332 silly audit   yargs: [ '16.2.0' ],
332 silly audit   'yargs-parser': [ '20.2.9' ],
332 silly audit   'yargs-unparser': [ '2.0.0' ],
332 silly audit   anymatch: [ '3.1.3' ],
332 silly audit   braces: [ '3.0.3' ],
332 silly audit   fsevents: [ '2.3.3' ],
332 silly audit   'glob-parent': [ '5.1.2' ],
332 silly audit   'is-binary-path': [ '2.1.0' ],
332 silly audit   'is-glob': [ '4.0.3' ],
332 silly audit   'normalize-path': [ '3.0.0' ],
332 silly audit   readdirp: [ '3.6.0' ],
332 silly audit   picomatch: [ '2.3.1' ],
332 silly audit   'fill-range': [ '7.1.1' ],
332 silly audit   'to-regex-range': [ '5.0.1' ],
332 silly audit   'locate-path': [ '6.0.0' ],
332 silly audit   'path-exists': [ '4.0.0' ],
332 silly audit   'fs.realpath': [ '1.0.0' ],
332 silly audit   inflight: [ '1.0.6' ],
332 silly audit   once: [ '1.4.0' ],
332 silly audit   wrappy: [ '1.0.2' ],
332 silly audit   'binary-extensions': [ '2.3.0' ],
332 silly audit   'is-extglob': [ '2.1.1' ],
332 silly audit   argparse: [ '2.0.1' ],
332 silly audit   'p-locate': [ '5.0.0' ],
332 silly audit   chalk: [ '4.1.2' ],
332 silly audit   'is-unicode-supported': [ '0.1.0' ],
332 silly audit   'ansi-styles': [ '4.3.0' ],
332 silly audit   'color-convert': [ '2.0.1' ],
332 silly audit   'color-name': [ '1.1.4' ],
332 silly audit   'brace-expansion': [ '2.0.1' ],
332 silly audit   'balanced-match': [ '1.0.2' ],
332 silly audit   'p-limit': [ '3.1.0' ],
332 silly audit   'yocto-queue': [ '0.1.0' ],
332 silly audit   randombytes: [ '2.1.0' ],
332 silly audit   'has-flag': [ '4.0.0' ],
332 silly audit   'is-number': [ '7.0.0' ],
332 silly audit   cliui: [ '7.0.4' ],
332 silly audit   escalade: [ '3.2.0' ],
332 silly audit   'get-caller-file': [ '2.0.5' ],
332 silly audit   'require-directory': [ '2.1.1' ],
332 silly audit   'string-width': [ '4.2.3' ],
332 silly audit   y18n: [ '5.0.8' ],
332 silly audit   'strip-ansi': [ '6.0.1' ],
332 silly audit   'wrap-ansi': [ '7.0.0' ],
332 silly audit   'emoji-regex': [ '8.0.0' ],
332 silly audit   'is-fullwidth-code-point': [ '3.0.0' ],
332 silly audit   'ansi-regex': [ '5.0.1' ],
332 silly audit   camelcase: [ '6.3.0' ],
332 silly audit   decamelize: [ '4.0.0' ],
332 silly audit   flat: [ '5.0.2' ],
332 silly audit   'is-plain-obj': [ '2.1.0' ]
332 silly audit }
333 verbose reify failed optional dependency /home/ubuntu/project/node_modules/fsevents
334 silly reify mark deleted [ '/home/ubuntu/project/node_modules/fsevents' ]
335 timing reifyNode:node_modules/fsevents Completed in 27ms
336 silly tarball no local data for mocha@https://registry.npmjs.org/mocha/-/mocha-10.8.2.tgz. Extracting by manifest.
337 http fetch POST 200 https://registry.npmjs.org/-/npm/v1/security/advisories/bulk 418ms
338 timing auditReport:getReport Completed in 427ms
339 silly audit report {}
340 timing auditReport:init Completed in 0ms
341 timing reify:audit Completed in 429ms
342 timing reifyNode:node_modules/is-plain-obj Completed in 443ms
343 timing reifyNode:node_modules/wrap-ansi Completed in 441ms
344 timing reifyNode:node_modules/is-number Completed in 442ms
345 timing reifyNode:node_modules/color-name Completed in 442ms
346 timing reifyNode:node_modules/is-extglob Completed in 442ms
347 timing reifyNode:node_modules/wrappy Completed in 442ms
348 warn deprecated inflight@1.0.6: This module is not supported, and leaks memory. Do not use it. Check out lru-cache if you want a good and tested way to coalesce async requests by a key value, which is much more comprehensive and powerful.
349 timing reifyNode:node_modules/inflight Completed in 444ms
350 timing reifyNode:node_modules/once Completed in 444ms
351 timing reifyNode:node_modules/normalize-path Completed in 444ms
352 timing reifyNode:node_modules/browser-stdout Completed in 444ms
353 timing reifyNode:node_modules/camelcase Completed in 448ms
354 timing reifyNode:node_modules/ansi-regex Completed in 449ms
355 timing reifyNode:node_modules/mocha/node_modules/ms Completed in 444ms
356 timing reifyNode:node_modules/is-fullwidth-code-point Completed in 448ms
357 timing reifyNode:node_modules/decamelize Completed in 451ms
358 timing reifyNode:node_modules/strip-ansi Completed in 451ms
359 timing reifyNode:node_modules/string-width Completed in 451ms
360 timing reifyNode:node_modules/yocto-queue Completed in 451ms
361 timing reifyNode:node_modules/has-flag Completed in 451ms
362 timing reifyNode:node_modules/p-limit Completed in 451ms
363 timing reifyNode:node_modules/is-unicode-supported Completed in 454ms
364 timing reifyNode:node_modules/p-locate Completed in 453ms
365 timing reifyNode:node_modules/path-exists Completed in 456ms
366 timing reifyNode:node_modules/is-glob Completed in 456ms
367 timing reifyNode:node_modules/to-regex-range Completed in 456ms
368 timing reifyNode:node_modules/is-binary-path Completed in 456ms
369 timing reifyNode:node_modules/supports-color Completed in 456ms
370 timing reifyNode:node_modules/locate-path Completed in 457ms
371 timing reifyNode:node_modules/glob-parent Completed in 457ms
372 timing reifyNode:node_modules/fill-range Completed in 457ms
373 timing reifyNode:node_modules/anymatch Completed in 457ms
374 timing reifyNode:node_modules/strip-json-comments Completed in 457ms
375 timing reifyNode:node_modules/serialize-javascript Completed in 457ms
376 timing reifyNode:node_modules/escape-string-regexp Completed in 459ms
377 timing reifyNode:node_modules/find-up Completed in 460ms
378 timing reifyNode:node_modules/get-caller-file Completed in 464ms
379 timing reifyNode:node_modules/brace-expansion Completed in 464ms
380 timing reifyNode:node_modules/balanced-match Completed in 465ms
381 timing reifyNode:node_modules/ansi-styles Completed in 465ms
382 timing reifyNode:node_modules/fs.realpath Completed in 467ms
383 timing reifyNode:node_modules/yargs-unparser Completed in 466ms
384 timing reifyNode:node_modules/log-symbols Completed in 466ms
385 timing reifyNode:node_modules/chalk/node_modules/supports-color Completed in 468ms
386 timing reifyNode:node_modules/binary-extensions Completed in 470ms
387 timing reifyNode:node_modules/readdirp Completed in 470ms
388 timing reifyNode:node_modules/randombytes Completed in 473ms
389 timing reifyNode:node_modules/require-directory Completed in 475ms
390 timing reifyNode:node_modules/minimatch Completed in 473ms
391 timing reifyNode:node_modules/color-convert Completed in 477ms
392 timing reifyNode:node_modules/ansi-colors Completed in 478ms
393 timing reifyNode:node_modules/flat Completed in 483ms
394 timing reifyNode:node_modules/mocha/node_modules/debug Completed in 479ms
395 timing reifyNode:node_modules/chalk Completed in 482ms
396 warn deprecated glob@8.1.0: Glob versions prior to v9 are no longer supported
397 timing reifyNode:node_modules/glob Completed in 487ms
398 timing reifyNode:node_modules/emoji-regex Completed in 490ms
399 timing reifyNode:node_modules/escalade Completed in 491ms
400 timing reifyNode:node_modules/y18n Completed in 493ms
401 timing reifyNode:node_modules/cliui Completed in 494ms
402 timing reifyNode:node_modules/braces Completed in 493ms
403 timing reifyNode:node_modules/he Completed in 497ms
404 timing reifyNode:node_modules/picomatch Completed in 499ms
405 timing reifyNode:node_modules/argparse Completed in 499ms
406 timing reifyNode:node_modules/chokidar Completed in 500ms
407 timing reifyNode:node_modules/yargs-parser Completed in 511ms
408 timing reifyNode:node_modules/workerpool Completed in 559ms
409 timing reifyNode:node_modules/js-yaml Completed in 571ms
410 timing reifyNode:node_modules/diff Completed in 584ms
411 timing reifyNode:node_modules/yargs Completed in 594ms
412 http fetch GET 200 https://registry.npmjs.org/mocha/-/mocha-10.8.2.tgz 577ms (cache miss)
413 timing reifyNode:node_modules/mocha Completed in 649ms
414 timing reify:unpack Completed in 655ms
415 timing reify:unretire Completed in 0ms
416 timing build:queue Completed in 4ms
417 timing build:link:node_modules/flat Completed in 5ms
418 timing build:link:node_modules/he Completed in 4ms
419 timing build:link:node_modules/js-yaml Completed in 4ms
420 timing build:link:node_modules/mocha Completed in 4ms
421 timing build:link Completed in 5ms
422 timing build:deps Completed in 10ms
423 timing build Completed in 11ms
424 timing reify:build Completed in 11ms
425 timing reify:trash Completed in 1ms
426 timing reify:save Completed in 59ms
427 timing reify Completed in 2909ms
428 silly ADD node_modules/is-plain-obj
429 silly ADD node_modules/flat
430 silly ADD node_modules/decamelize
431 silly ADD node_modules/camelcase
432 silly ADD node_modules/ansi-regex
433 silly ADD node_modules/is-fullwidth-code-point
434 silly ADD node_modules/emoji-regex
435 silly ADD node_modules/wrap-ansi
436 silly ADD node_modules/strip-ansi
437 silly ADD node_modules/y18n
438 silly ADD node_modules/string-width
439 silly ADD node_modules/require-directory
440 silly ADD node_modules/get-caller-file
441 silly ADD node_modules/escalade
442 silly ADD node_modules/cliui
443 silly ADD node_modules/is-number
444 silly ADD node_modules/has-flag
445 silly ADD node_modules/randombytes
446 silly ADD node_modules/yocto-queue
447 silly ADD node_modules/p-limit
448 silly ADD node_modules/balanced-match
449 silly ADD node_modules/brace-expansion
450 silly ADD node_modules/color-name
451 silly ADD node_modules/color-convert
452 silly ADD node_modules/ansi-styles
453 silly ADD node_modules/is-unicode-supported
454 silly ADD node_modules/chalk
455 silly ADD node_modules/chalk/node_modules/supports-color
456 silly ADD node_modules/p-locate
457 silly ADD node_modules/argparse
458 silly ADD node_modules/is-extglob
459 silly ADD node_modules/binary-extensions
460 silly ADD node_modules/wrappy
461 silly ADD node_modules/once
462 silly ADD node_modules/inflight
463 silly ADD node_modules/fs.realpath
464 silly ADD node_modules/path-exists
465 silly ADD node_modules/locate-path
466 silly ADD node_modules/to-regex-range
467 silly ADD node_modules/fill-range
468 silly ADD node_modules/picomatch
469 silly ADD node_modules/readdirp
470 silly ADD node_modules/normalize-path
471 silly ADD node_modules/is-glob
472 silly ADD node_modules/is-binary-path
473 silly ADD node_modules/glob-parent
474 silly ADD
475 silly ADD node_modules/braces
476 silly ADD node_modules/anymatch
477 silly ADD node_modules/yargs-unparser
478 silly ADD node_modules/yargs-parser
479 silly ADD node_modules/yargs
480 silly ADD node_modules/workerpool
481 silly ADD node_modules/supports-color
482 silly ADD node_modules/strip-json-comments
483 silly ADD node_modules/serialize-javascript
484 silly ADD node_modules/minimatch
485 silly ADD node_modules/log-symbols
486 silly ADD node_modules/js-yaml
487 silly ADD node_modules/he
488 silly ADD node_modules/glob
489 silly ADD node_modules/find-up
490 silly ADD node_modules/escape-string-regexp
491 silly ADD node_modules/diff
492 silly ADD node_modules/chokidar
493 silly ADD node_modules/browser-stdout
494 silly ADD node_modules/ansi-colors
495 silly ADD node_modules/mocha
496 silly ADD node_modules/mocha/node_modules/ms
497 silly ADD node_modules/mocha/node_modules/debug
498 timing command:install Completed in 2923ms
499 verbose exit 0
500 timing npm Completed in 2978ms
501 info ok
