0 verbose cli /usr/bin/node /usr/bin/npm
1 info using npm@9.2.0
2 info using node@v18.19.1
3 timing npm:load:whichnode Completed in 0ms
4 timing config:load:defaults Completed in 2ms
5 timing config:load:file:/usr/share/nodejs/npm/npmrc Completed in 5ms
6 timing config:load:builtin Completed in 5ms
7 timing config:load:cli Completed in 4ms
8 timing config:load:env Completed in 0ms
9 timing config:load:project Completed in 2ms
10 timing config:load:file:/home/ubuntu/.npmrc Completed in 0ms
11 timing config:load:user Completed in 0ms
12 timing config:load:file:/etc/npmrc Completed in 0ms
13 timing config:load:global Completed in 1ms
14 timing config:load:setEnvs Completed in 1ms
15 timing config:load Completed in 16ms
16 timing npm:load:configload Completed in 16ms
17 timing npm:load:mkdirpcache Completed in 1ms
18 timing npm:load:mkdirplogs Completed in 0ms
19 verbose title npm install mocha
20 verbose argv "install" "--save-dev" "mocha"
21 timing npm:load:setTitle Completed in 2ms
22 timing config:load:flatten Completed in 5ms
23 timing npm:load:display Completed in 6ms
24 verbose logfile logs-max:10 dir:/home/ubuntu/.npm/_logs/2024-10-25T05_25_52_038Z-
25 verbose logfile /home/ubuntu/.npm/_logs/2024-10-25T05_25_52_038Z-debug-0.log
26 timing npm:load:logFile Completed in 9ms
27 timing npm:load:timers Completed in 0ms
28 timing npm:load:configScope Completed in 0ms
29 timing npm:load Completed in 35ms
30 timing config:load:flatten Completed in 1ms
31 timing arborist:ctor Completed in 1ms
32 silly logfile done cleaning log files
33 timing idealTree:init Completed in 92ms
34 timing idealTree:userRequests Completed in 2ms
35 silly idealTree buildDeps
36 silly fetch manifest mocha@*
37 timing arborist:ctor Completed in 1ms
38 http fetch GET 200 https://registry.npmjs.org/mocha 247ms (cache miss)
39 silly placeDep ROOT mocha@10.7.3 OK for: ubuntu@1.0.0 want: *
40 silly fetch manifest ansi-colors@^4.1.3
41 silly fetch manifest browser-stdout@^1.3.1
42 silly fetch manifest chokidar@^3.5.3
43 silly fetch manifest debug@^4.3.5
44 silly fetch manifest diff@^5.2.0
45 silly fetch manifest escape-string-regexp@^4.0.0
46 silly fetch manifest find-up@^5.0.0
47 silly fetch manifest glob@^8.1.0
48 silly fetch manifest he@^1.2.0
49 silly fetch manifest js-yaml@^4.1.0
50 silly fetch manifest log-symbols@^4.1.0
51 silly fetch manifest minimatch@^5.1.6
52 silly fetch manifest ms@^2.1.3
53 silly fetch manifest serialize-javascript@^6.0.2
54 silly fetch manifest strip-json-comments@^3.1.1
55 silly fetch manifest supports-color@^8.1.1
56 silly fetch manifest workerpool@^6.5.1
57 silly fetch manifest yargs@^16.2.0
58 silly fetch manifest yargs-parser@^20.2.9
59 silly fetch manifest yargs-unparser@^2.0.0
60 http fetch GET 200 https://registry.npmjs.org/ansi-colors 203ms (cache miss)
61 http fetch GET 200 https://registry.npmjs.org/browser-stdout 223ms (cache miss)
62 http fetch GET 200 https://registry.npmjs.org/escape-string-regexp 227ms (cache miss)
63 http fetch GET 200 https://registry.npmjs.org/strip-json-comments 225ms (cache miss)
64 http fetch GET 200 https://registry.npmjs.org/find-up 243ms (cache miss)
65 http fetch GET 200 https://registry.npmjs.org/ms 243ms (cache revalidated)
66 http fetch GET 200 https://registry.npmjs.org/log-symbols 247ms (cache miss)
67 http fetch GET 200 https://registry.npmjs.org/yargs-unparser 244ms (cache miss)
68 http fetch GET 200 https://registry.npmjs.org/diff 252ms (cache miss)
69 http fetch GET 200 https://registry.npmjs.org/debug 255ms (cache revalidated)
70 http fetch GET 200 https://registry.npmjs.org/supports-color 251ms (cache miss)
71 http fetch GET 200 https://registry.npmjs.org/serialize-javascript 254ms (cache miss)
72 http fetch GET 200 https://registry.npmjs.org/js-yaml 260ms (cache miss)
73 http fetch GET 200 https://registry.npmjs.org/workerpool 266ms (cache miss)
74 http fetch GET 200 https://registry.npmjs.org/yargs-parser 268ms (cache miss)
75 http fetch GET 200 https://registry.npmjs.org/chokidar 279ms (cache miss)
76 http fetch GET 200 https://registry.npmjs.org/yargs 282ms (cache miss)
77 http fetch GET 200 https://registry.npmjs.org/glob 295ms (cache miss)
78 http fetch GET 200 https://registry.npmjs.org/minimatch 298ms (cache miss)
79 http fetch GET 200 https://registry.npmjs.org/he 731ms (cache miss)
80 timing idealTree:#root Completed in 1003ms
81 silly placeDep ROOT ansi-colors@4.1.3 OK for: mocha@10.7.3 want: ^4.1.3
82 silly placeDep ROOT browser-stdout@1.3.1 OK for: mocha@10.7.3 want: ^1.3.1
83 silly placeDep ROOT chokidar@3.6.0 OK for: mocha@10.7.3 want: ^3.5.3
84 silly placeDep node_modules/mocha debug@4.3.7 OK for: mocha@10.7.3 want: ^4.3.5
85 silly placeDep ROOT diff@5.2.0 OK for: mocha@10.7.3 want: ^5.2.0
86 silly placeDep ROOT escape-string-regexp@4.0.0 OK for: mocha@10.7.3 want: ^4.0.0
87 silly placeDep ROOT find-up@5.0.0 OK for: mocha@10.7.3 want: ^5.0.0
88 silly placeDep ROOT glob@8.1.0 OK for: mocha@10.7.3 want: ^8.1.0
89 silly placeDep ROOT he@1.2.0 OK for: mocha@10.7.3 want: ^1.2.0
90 silly placeDep ROOT js-yaml@4.1.0 OK for: mocha@10.7.3 want: ^4.1.0
91 silly placeDep ROOT log-symbols@4.1.0 OK for: mocha@10.7.3 want: ^4.1.0
92 silly placeDep ROOT minimatch@5.1.6 OK for: mocha@10.7.3 want: ^5.1.6
93 silly placeDep node_modules/mocha ms@2.1.3 OK for: mocha@10.7.3 want: ^2.1.3
94 silly placeDep ROOT serialize-javascript@6.0.2 OK for: mocha@10.7.3 want: ^6.0.2
95 silly placeDep ROOT strip-json-comments@3.1.1 OK for: mocha@10.7.3 want: ^3.1.1
96 silly placeDep ROOT supports-color@8.1.1 OK for: mocha@10.7.3 want: ^8.1.1
97 silly placeDep ROOT workerpool@6.5.1 OK for: mocha@10.7.3 want: ^6.5.1
98 silly placeDep ROOT yargs@16.2.0 OK for: mocha@10.7.3 want: ^16.2.0
99 silly placeDep ROOT yargs-parser@20.2.9 OK for: mocha@10.7.3 want: ^20.2.9
100 silly placeDep ROOT yargs-unparser@2.0.0 OK for: mocha@10.7.3 want: ^2.0.0
101 silly fetch manifest braces@~3.0.2
102 silly fetch manifest is-glob@~4.0.1
103 silly fetch manifest anymatch@~3.1.2
104 silly fetch manifest readdirp@~3.6.0
105 silly fetch manifest glob-parent@~5.1.2
106 silly fetch manifest is-binary-path@~2.1.0
107 silly fetch manifest normalize-path@~3.0.0
108 silly fetch manifest fsevents@~2.3.2
109 silly fetch manifest locate-path@^6.0.0
110 silly fetch manifest path-exists@^4.0.0
111 silly fetch manifest once@^1.3.0
112 silly fetch manifest inflight@^1.0.4
113 silly fetch manifest fs.realpath@^1.0.0
114 silly fetch manifest argparse@^2.0.1
115 silly fetch manifest chalk@^4.1.0
116 silly fetch manifest is-unicode-supported@^0.1.0
117 silly fetch manifest brace-expansion@^2.0.1
118 silly fetch manifest randombytes@^2.1.0
119 silly fetch manifest has-flag@^4.0.0
120 silly fetch manifest y18n@^5.0.5
121 silly fetch manifest cliui@^7.0.2
122 silly fetch manifest escalade@^3.1.1
123 silly fetch manifest string-width@^4.2.0
124 silly fetch manifest get-caller-file@^2.0.5
125 silly fetch manifest require-directory@^2.1.1
126 silly fetch manifest camelcase@^6.0.0
127 silly fetch manifest decamelize@^4.0.0
128 silly fetch manifest flat@^5.0.2
129 silly fetch manifest is-plain-obj@^2.1.0
130 http fetch GET 200 https://registry.npmjs.org/normalize-path 234ms (cache miss)
131 http fetch GET 200 https://registry.npmjs.org/fs.realpath 230ms (cache miss)
132 http fetch GET 200 https://registry.npmjs.org/require-directory 219ms (cache miss)
133 http fetch GET 200 https://registry.npmjs.org/is-unicode-supported 233ms (cache miss)
134 http fetch GET 200 https://registry.npmjs.org/has-flag 228ms (cache miss)
135 http fetch GET 200 https://registry.npmjs.org/glob-parent 244ms (cache miss)
136 http fetch GET 200 https://registry.npmjs.org/is-binary-path 244ms (cache miss)
137 http fetch GET 200 https://registry.npmjs.org/once 239ms (cache miss)
138 http fetch GET 200 https://registry.npmjs.org/inflight 240ms (cache miss)
139 http fetch GET 200 https://registry.npmjs.org/is-glob 251ms (cache miss)
140 http fetch GET 200 https://registry.npmjs.org/randombytes 235ms (cache miss)
141 http fetch GET 200 https://registry.npmjs.org/path-exists 243ms (cache miss)
142 http fetch GET 200 https://registry.npmjs.org/anymatch 252ms (cache miss)
143 http fetch GET 200 https://registry.npmjs.org/locate-path 247ms (cache miss)
144 http fetch GET 200 https://registry.npmjs.org/y18n 235ms (cache miss)
145 http fetch GET 200 https://registry.npmjs.org/escalade 235ms (cache miss)
146 http fetch GET 200 https://registry.npmjs.org/braces 257ms (cache miss)
147 http fetch GET 200 https://registry.npmjs.org/fsevents 253ms (cache miss)
148 http fetch GET 200 https://registry.npmjs.org/argparse 247ms (cache miss)
149 http fetch GET 200 https://registry.npmjs.org/is-plain-obj 232ms (cache miss)
150 http fetch GET 200 https://registry.npmjs.org/brace-expansion 247ms (cache miss)
151 http fetch GET 200 https://registry.npmjs.org/decamelize 244ms (cache miss)
152 http fetch GET 200 https://registry.npmjs.org/get-caller-file 255ms (cache miss)
153 http fetch GET 200 https://registry.npmjs.org/readdirp 281ms (cache miss)
154 http fetch GET 200 https://registry.npmjs.org/cliui 269ms (cache miss)
155 http fetch GET 200 https://registry.npmjs.org/flat 267ms (cache miss)
156 http fetch GET 200 https://registry.npmjs.org/chalk 285ms (cache miss)
157 http fetch GET 200 https://registry.npmjs.org/camelcase 282ms (cache miss)
158 http fetch GET 200 https://registry.npmjs.org/string-width 286ms (cache miss)
159 timing idealTree:node_modules/mocha Completed in 354ms
160 timing idealTree:node_modules/ansi-colors Completed in 0ms
161 timing idealTree:node_modules/browser-stdout Completed in 0ms
162 silly placeDep ROOT anymatch@3.1.3 OK for: chokidar@3.6.0 want: ~3.1.2
163 silly placeDep ROOT braces@3.0.3 OK for: chokidar@3.6.0 want: ~3.0.2
164 silly placeDep ROOT fsevents@2.3.3 OK for: chokidar@3.6.0 want: ~2.3.2
165 silly placeDep ROOT glob-parent@5.1.2 OK for: chokidar@3.6.0 want: ~5.1.2
166 silly placeDep ROOT is-binary-path@2.1.0 OK for: chokidar@3.6.0 want: ~2.1.0
167 silly placeDep ROOT is-glob@4.0.3 OK for: chokidar@3.6.0 want: ~4.0.1
168 silly placeDep ROOT normalize-path@3.0.0 OK for: chokidar@3.6.0 want: ~3.0.0
169 silly placeDep ROOT readdirp@3.6.0 OK for: chokidar@3.6.0 want: ~3.6.0
170 silly fetch manifest picomatch@^2.0.4
171 silly fetch manifest fill-range@^7.1.1
172 silly fetch manifest binary-extensions@^2.0.0
173 silly fetch manifest is-extglob@^2.1.1
174 silly fetch manifest picomatch@^2.2.1
175 http fetch GET 200 https://registry.npmjs.org/picomatch 41ms (cache miss)
176 http fetch GET 200 https://registry.npmjs.org/binary-extensions 56ms (cache miss)
177 http fetch GET 200 https://registry.npmjs.org/picomatch 60ms (cache miss)
178 http fetch GET 200 https://registry.npmjs.org/is-extglob 70ms (cache miss)
179 http fetch GET 200 https://registry.npmjs.org/fill-range 74ms (cache miss)
180 timing idealTree:node_modules/chokidar Completed in 96ms
181 silly placeDep ROOT picomatch@2.3.1 OK for: anymatch@3.1.3 want: ^2.0.4
182 timing idealTree:node_modules/anymatch Completed in 4ms
183 silly placeDep ROOT fill-range@7.1.1 OK for: braces@3.0.3 want: ^7.1.1
184 silly fetch manifest to-regex-range@^5.0.1
185 http fetch GET 200 https://registry.npmjs.org/to-regex-range 33ms (cache miss)
186 timing idealTree:node_modules/braces Completed in 38ms
187 timing idealTree:node_modules/diff Completed in 0ms
188 timing idealTree:node_modules/escape-string-regexp Completed in 0ms
189 silly placeDep ROOT to-regex-range@5.0.1 OK for: fill-range@7.1.1 want: ^5.0.1
190 silly fetch manifest is-number@^7.0.0
191 http fetch GET 200 https://registry.npmjs.org/is-number 42ms (cache miss)
192 timing idealTree:node_modules/fill-range Completed in 45ms
193 silly placeDep ROOT locate-path@6.0.0 OK for: find-up@5.0.0 want: ^6.0.0
194 silly placeDep ROOT path-exists@4.0.0 OK for: find-up@5.0.0 want: ^4.0.0
195 silly fetch manifest p-locate@^5.0.0
196 http fetch GET 200 https://registry.npmjs.org/p-locate 48ms (cache miss)
197 timing idealTree:node_modules/find-up Completed in 53ms
198 timing idealTree:node_modules/fsevents Completed in 0ms
199 silly placeDep ROOT fs.realpath@1.0.0 OK for: glob@8.1.0 want: ^1.0.0
200 silly placeDep ROOT inflight@1.0.6 OK for: glob@8.1.0 want: ^1.0.4
201 silly placeDep ROOT once@1.4.0 OK for: glob@8.1.0 want: ^1.3.0
202 silly fetch manifest wrappy@1
203 http fetch GET 200 https://registry.npmjs.org/wrappy 46ms (cache miss)
204 timing idealTree:node_modules/glob Completed in 53ms
205 timing idealTree:node_modules/fs.realpath Completed in 0ms
206 timing idealTree:node_modules/glob-parent Completed in 0ms
207 timing idealTree:node_modules/he Completed in 0ms
208 silly placeDep ROOT wrappy@1.0.2 OK for: inflight@1.0.6 want: 1
209 timing idealTree:node_modules/inflight Completed in 2ms
210 silly placeDep ROOT binary-extensions@2.3.0 OK for: is-binary-path@2.1.0 want: ^2.0.0
211 timing idealTree:node_modules/is-binary-path Completed in 2ms
212 timing idealTree:node_modules/binary-extensions Completed in 0ms
213 silly placeDep ROOT is-extglob@2.1.1 OK for: is-glob@4.0.3 want: ^2.1.1
214 timing idealTree:node_modules/is-glob Completed in 1ms
215 timing idealTree:node_modules/is-extglob Completed in 0ms
216 silly placeDep ROOT argparse@2.0.1 OK for: js-yaml@4.1.0 want: ^2.0.1
217 timing idealTree:node_modules/js-yaml Completed in 2ms
218 timing idealTree:node_modules/argparse Completed in 0ms
219 silly placeDep ROOT p-locate@5.0.0 OK for: locate-path@6.0.0 want: ^5.0.0
220 silly fetch manifest p-limit@^3.0.2
221 http fetch GET 200 https://registry.npmjs.org/p-limit 48ms (cache miss)
222 timing idealTree:node_modules/locate-path Completed in 52ms
223 silly placeDep ROOT chalk@4.1.2 OK for: log-symbols@4.1.0 want: ^4.1.0
224 silly placeDep ROOT is-unicode-supported@0.1.0 OK for: log-symbols@4.1.0 want: ^0.1.0
225 silly fetch manifest ansi-styles@^4.1.0
226 silly fetch manifest supports-color@^7.1.0
227 http fetch GET 200 https://registry.npmjs.org/ansi-styles 44ms (cache miss)
228 timing idealTree:node_modules/log-symbols Completed in 53ms
229 silly placeDep ROOT ansi-styles@4.3.0 OK for: chalk@4.1.2 want: ^4.1.0
230 silly placeDep node_modules/chalk supports-color@7.2.0 OK for: chalk@4.1.2 want: ^7.1.0
231 silly fetch manifest color-convert@^2.0.1
232 http fetch GET 200 https://registry.npmjs.org/color-convert 52ms (cache miss)
233 timing idealTree:node_modules/chalk Completed in 67ms
234 silly placeDep ROOT color-convert@2.0.1 OK for: ansi-styles@4.3.0 want: ^2.0.1
235 silly fetch manifest color-name@~1.1.4
236 http fetch GET 200 https://registry.npmjs.org/color-name 37ms (cache miss)
237 timing idealTree:node_modules/ansi-styles Completed in 41ms
238 silly placeDep ROOT color-name@1.1.4 OK for: color-convert@2.0.1 want: ~1.1.4
239 timing idealTree:node_modules/color-convert Completed in 2ms
240 timing idealTree:node_modules/color-name Completed in 0ms
241 timing idealTree:node_modules/is-unicode-supported Completed in 0ms
242 silly placeDep ROOT brace-expansion@2.0.1 OK for: minimatch@5.1.6 want: ^2.0.1
243 silly fetch manifest balanced-match@^1.0.0
244 http fetch GET 200 https://registry.npmjs.org/balanced-match 41ms (cache miss)
245 timing idealTree:node_modules/minimatch Completed in 45ms
246 silly placeDep ROOT balanced-match@1.0.2 OK for: brace-expansion@2.0.1 want: ^1.0.0
247 timing idealTree:node_modules/brace-expansion Completed in 2ms
248 timing idealTree:node_modules/balanced-match Completed in 0ms
249 timing idealTree:node_modules/normalize-path Completed in 0ms
250 timing idealTree:node_modules/once Completed in 0ms
251 silly placeDep ROOT p-limit@3.1.0 OK for: p-locate@5.0.0 want: ^3.0.2
252 silly fetch manifest yocto-queue@^0.1.0
253 http fetch GET 200 https://registry.npmjs.org/yocto-queue 53ms (cache miss)
254 timing idealTree:node_modules/p-locate Completed in 56ms
255 silly placeDep ROOT yocto-queue@0.1.0 OK for: p-limit@3.1.0 want: ^0.1.0
256 timing idealTree:node_modules/p-limit Completed in 2ms
257 timing idealTree:node_modules/path-exists Completed in 0ms
258 timing idealTree:node_modules/picomatch Completed in 0ms
259 timing idealTree:node_modules/readdirp Completed in 0ms
260 silly placeDep ROOT randombytes@2.1.0 OK for: serialize-javascript@6.0.2 want: ^2.1.0
261 timing idealTree:node_modules/serialize-javascript Completed in 2ms
262 timing idealTree:node_modules/randombytes Completed in 0ms
263 timing idealTree:node_modules/strip-json-comments Completed in 0ms
264 silly placeDep ROOT has-flag@4.0.0 OK for: supports-color@8.1.1 want: ^4.0.0
265 timing idealTree:node_modules/supports-color Completed in 2ms
266 timing idealTree:node_modules/has-flag Completed in 0ms
267 silly placeDep ROOT is-number@7.0.0 OK for: to-regex-range@5.0.1 want: ^7.0.0
268 timing idealTree:node_modules/to-regex-range Completed in 2ms
269 timing idealTree:node_modules/is-number Completed in 0ms
270 timing idealTree:node_modules/workerpool Completed in 0ms
271 timing idealTree:node_modules/wrappy Completed in 0ms
272 silly placeDep ROOT cliui@7.0.4 OK for: yargs@16.2.0 want: ^7.0.2
273 silly placeDep ROOT escalade@3.2.0 OK for: yargs@16.2.0 want: ^3.1.1
274 silly placeDep ROOT get-caller-file@2.0.5 OK for: yargs@16.2.0 want: ^2.0.5
275 silly placeDep ROOT require-directory@2.1.1 OK for: yargs@16.2.0 want: ^2.1.1
276 silly placeDep ROOT string-width@4.2.3 OK for: yargs@16.2.0 want: ^4.2.0
277 silly placeDep ROOT y18n@5.0.8 OK for: yargs@16.2.0 want: ^5.0.5
278 silly fetch manifest wrap-ansi@^7.0.0
279 silly fetch manifest strip-ansi@^6.0.0
280 silly fetch manifest strip-ansi@^6.0.1
281 silly fetch manifest emoji-regex@^8.0.0
282 silly fetch manifest is-fullwidth-code-point@^3.0.0
283 http fetch GET 200 https://registry.npmjs.org/strip-ansi 57ms (cache miss)
284 http fetch GET 200 https://registry.npmjs.org/wrap-ansi 62ms (cache miss)
285 http fetch GET 200 https://registry.npmjs.org/is-fullwidth-code-point 58ms (cache miss)
286 http fetch GET 200 https://registry.npmjs.org/strip-ansi 63ms (cache miss)
287 http fetch GET 200 https://registry.npmjs.org/emoji-regex 60ms (cache miss)
288 timing idealTree:node_modules/yargs Completed in 75ms
289 silly placeDep ROOT strip-ansi@6.0.1 OK for: cliui@7.0.4 want: ^6.0.0
290 silly placeDep ROOT wrap-ansi@7.0.0 OK for: cliui@7.0.4 want: ^7.0.0
291 silly fetch manifest ansi-regex@^5.0.1
292 http fetch GET 200 https://registry.npmjs.org/ansi-regex 41ms (cache miss)
293 timing idealTree:node_modules/cliui Completed in 46ms
294 timing idealTree:node_modules/escalade Completed in 0ms
295 timing idealTree:node_modules/get-caller-file Completed in 0ms
296 timing idealTree:node_modules/require-directory Completed in 0ms
297 silly placeDep ROOT emoji-regex@8.0.0 OK for: string-width@4.2.3 want: ^8.0.0
298 silly placeDep ROOT is-fullwidth-code-point@3.0.0 OK for: string-width@4.2.3 want: ^3.0.0
299 timing idealTree:node_modules/string-width Completed in 3ms
300 timing idealTree:node_modules/emoji-regex Completed in 0ms
301 timing idealTree:node_modules/is-fullwidth-code-point Completed in 0ms
302 silly placeDep ROOT ansi-regex@5.0.1 OK for: strip-ansi@6.0.1 want: ^5.0.1
303 timing idealTree:node_modules/strip-ansi Completed in 2ms
304 timing idealTree:node_modules/ansi-regex Completed in 0ms
305 timing idealTree:node_modules/wrap-ansi Completed in 0ms
306 timing idealTree:node_modules/y18n Completed in 0ms
307 timing idealTree:node_modules/yargs-parser Completed in 0ms
308 silly placeDep ROOT camelcase@6.3.0 OK for: yargs-unparser@2.0.0 want: ^6.0.0
309 silly placeDep ROOT decamelize@4.0.0 OK for: yargs-unparser@2.0.0 want: ^4.0.0
310 silly placeDep ROOT flat@5.0.2 OK for: yargs-unparser@2.0.0 want: ^5.0.2
311 silly placeDep ROOT is-plain-obj@2.1.0 OK for: yargs-unparser@2.0.0 want: ^2.1.0
312 timing idealTree:node_modules/yargs-unparser Completed in 5ms
313 timing idealTree:node_modules/camelcase Completed in 0ms
314 timing idealTree:node_modules/decamelize Completed in 0ms
315 timing idealTree:node_modules/flat Completed in 0ms
316 timing idealTree:node_modules/is-plain-obj Completed in 0ms
317 timing idealTree:node_modules/yocto-queue Completed in 0ms
318 timing idealTree:node_modules/chalk/node_modules/supports-color Completed in 0ms
319 timing idealTree:node_modules/mocha/node_modules/debug Completed in 0ms
320 timing idealTree:node_modules/mocha/node_modules/ms Completed in 0ms
321 timing idealTree:buildDeps Completed in 2120ms
322 timing idealTree:fixDepFlags Completed in 1ms
323 timing idealTree Completed in 2221ms
324 timing reify:loadTrees Completed in 2222ms
325 timing reify:diffTrees Completed in 8ms
326 silly reify moves {}
327 timing reify:retireShallow Completed in 2ms
328 timing reify:createSparse Completed in 9ms
329 timing reify:loadBundles Completed in 0ms
330 silly audit bulk request {
330 silly audit   accepts: [ '1.3.8' ],
330 silly audit   'array-flatten': [ '1.1.1' ],
330 silly audit   'body-parser': [ '1.20.3' ],
330 silly audit   bytes: [ '3.1.2' ],
330 silly audit   'call-bind': [ '1.0.7' ],
330 silly audit   'content-disposition': [ '0.5.4' ],
330 silly audit   'content-type': [ '1.0.5' ],
330 silly audit   cookie: [ '0.7.1' ],
330 silly audit   'cookie-signature': [ '1.0.6' ],
330 silly audit   debug: [ '2.6.9', '4.3.7' ],
330 silly audit   'define-data-property': [ '1.1.4' ],
330 silly audit   depd: [ '2.0.0' ],
330 silly audit   destroy: [ '1.2.0' ],
330 silly audit   'ee-first': [ '1.1.1' ],
330 silly audit   encodeurl: [ '2.0.0', '1.0.2' ],
330 silly audit   'es-define-property': [ '1.0.0' ],
330 silly audit   'es-errors': [ '1.3.0' ],
330 silly audit   'escape-html': [ '1.0.3' ],
330 silly audit   etag: [ '1.8.1' ],
330 silly audit   express: [ '4.21.1' ],
330 silly audit   finalhandler: [ '1.3.1' ],
330 silly audit   forwarded: [ '0.2.0' ],
330 silly audit   fresh: [ '0.5.2' ],
330 silly audit   'function-bind': [ '1.1.2' ],
330 silly audit   'get-intrinsic': [ '1.2.4' ],
330 silly audit   gopd: [ '1.0.1' ],
330 silly audit   'has-property-descriptors': [ '1.0.2' ],
330 silly audit   'has-proto': [ '1.0.3' ],
330 silly audit   'has-symbols': [ '1.0.3' ],
330 silly audit   hasown: [ '2.0.2' ],
330 silly audit   'http-errors': [ '2.0.0' ],
330 silly audit   'iconv-lite': [ '0.4.24' ],
330 silly audit   inherits: [ '2.0.4' ],
330 silly audit   'ipaddr.js': [ '1.9.1' ],
330 silly audit   'media-typer': [ '0.3.0' ],
330 silly audit   'merge-descriptors': [ '1.0.3' ],
330 silly audit   methods: [ '1.1.2' ],
330 silly audit   mime: [ '1.6.0' ],
330 silly audit   'mime-db': [ '1.52.0' ],
330 silly audit   'mime-types': [ '2.1.35' ],
330 silly audit   ms: [ '2.0.0', '2.1.3' ],
330 silly audit   negotiator: [ '0.6.3' ],
330 silly audit   'object-inspect': [ '1.13.2' ],
330 silly audit   'on-finished': [ '2.4.1' ],
330 silly audit   parseurl: [ '1.3.3' ],
330 silly audit   'path-to-regexp': [ '0.1.10' ],
330 silly audit   'proxy-addr': [ '2.0.7' ],
330 silly audit   qs: [ '6.13.0' ],
330 silly audit   'range-parser': [ '1.2.1' ],
330 silly audit   'raw-body': [ '2.5.2' ],
330 silly audit   'safe-buffer': [ '5.2.1' ],
330 silly audit   'safer-buffer': [ '2.1.2' ],
330 silly audit   send: [ '0.19.0' ],
330 silly audit   'serve-static': [ '1.16.2' ],
330 silly audit   'set-function-length': [ '1.2.2' ],
330 silly audit   setprototypeof: [ '1.2.0' ],
330 silly audit   'side-channel': [ '1.0.6' ],
330 silly audit   statuses: [ '2.0.1' ],
330 silly audit   toidentifier: [ '1.0.1' ],
330 silly audit   'type-is': [ '1.6.18' ],
330 silly audit   unpipe: [ '1.0.0' ],
330 silly audit   'utils-merge': [ '1.0.1' ],
330 silly audit   vary: [ '1.1.2' ],
330 silly audit   mocha: [ '10.7.3' ],
330 silly audit   'ansi-colors': [ '4.1.3' ],
330 silly audit   'browser-stdout': [ '1.3.1' ],
330 silly audit   chokidar: [ '3.6.0' ],
330 silly audit   diff: [ '5.2.0' ],
330 silly audit   'escape-string-regexp': [ '4.0.0' ],
330 silly audit   'find-up': [ '5.0.0' ],
330 silly audit   glob: [ '8.1.0' ],
330 silly audit   he: [ '1.2.0' ],
330 silly audit   'js-yaml': [ '4.1.0' ],
330 silly audit   'log-symbols': [ '4.1.0' ],
330 silly audit   minimatch: [ '5.1.6' ],
330 silly audit   'serialize-javascript': [ '6.0.2' ],
330 silly audit   'strip-json-comments': [ '3.1.1' ],
330 silly audit   'supports-color': [ '8.1.1', '7.2.0' ],
330 silly audit   workerpool: [ '6.5.1' ],
330 silly audit   yargs: [ '16.2.0' ],
330 silly audit   'yargs-parser': [ '20.2.9' ],
330 silly audit   'yargs-unparser': [ '2.0.0' ],
330 silly audit   anymatch: [ '3.1.3' ],
330 silly audit   braces: [ '3.0.3' ],
330 silly audit   fsevents: [ '2.3.3' ],
330 silly audit   'glob-parent': [ '5.1.2' ],
330 silly audit   'is-binary-path': [ '2.1.0' ],
330 silly audit   'is-glob': [ '4.0.3' ],
330 silly audit   'normalize-path': [ '3.0.0' ],
330 silly audit   readdirp: [ '3.6.0' ],
330 silly audit   picomatch: [ '2.3.1' ],
330 silly audit   'fill-range': [ '7.1.1' ],
330 silly audit   'to-regex-range': [ '5.0.1' ],
330 silly audit   'locate-path': [ '6.0.0' ],
330 silly audit   'path-exists': [ '4.0.0' ],
330 silly audit   'fs.realpath': [ '1.0.0' ],
330 silly audit   inflight: [ '1.0.6' ],
330 silly audit   once: [ '1.4.0' ],
330 silly audit   wrappy: [ '1.0.2' ],
330 silly audit   'binary-extensions': [ '2.3.0' ],
330 silly audit   'is-extglob': [ '2.1.1' ],
330 silly audit   argparse: [ '2.0.1' ],
330 silly audit   'p-locate': [ '5.0.0' ],
330 silly audit   chalk: [ '4.1.2' ],
330 silly audit   'is-unicode-supported': [ '0.1.0' ],
330 silly audit   'ansi-styles': [ '4.3.0' ],
330 silly audit   'color-convert': [ '2.0.1' ],
330 silly audit   'color-name': [ '1.1.4' ],
330 silly audit   'brace-expansion': [ '2.0.1' ],
330 silly audit   'balanced-match': [ '1.0.2' ],
330 silly audit   'p-limit': [ '3.1.0' ],
330 silly audit   'yocto-queue': [ '0.1.0' ],
330 silly audit   randombytes: [ '2.1.0' ],
330 silly audit   'has-flag': [ '4.0.0' ],
330 silly audit   'is-number': [ '7.0.0' ],
330 silly audit   cliui: [ '7.0.4' ],
330 silly audit   escalade: [ '3.2.0' ],
330 silly audit   'get-caller-file': [ '2.0.5' ],
330 silly audit   'require-directory': [ '2.1.1' ],
330 silly audit   'string-width': [ '4.2.3' ],
330 silly audit   y18n: [ '5.0.8' ],
330 silly audit   'strip-ansi': [ '6.0.1' ],
330 silly audit   'wrap-ansi': [ '7.0.0' ],
330 silly audit   'emoji-regex': [ '8.0.0' ],
330 silly audit   'is-fullwidth-code-point': [ '3.0.0' ],
330 silly audit   'ansi-regex': [ '5.0.1' ],
330 silly audit   camelcase: [ '6.3.0' ],
330 silly audit   decamelize: [ '4.0.0' ],
330 silly audit   flat: [ '5.0.2' ],
330 silly audit   'is-plain-obj': [ '2.1.0' ]
330 silly audit }
331 verbose reify failed optional dependency /home/ubuntu/node_modules/fsevents
332 silly reify mark deleted [ '/home/ubuntu/node_modules/fsevents' ]
333 timing reifyNode:node_modules/fsevents Completed in 25ms
334 silly tarball no local data for is-plain-obj@https://registry.npmjs.org/is-plain-obj/-/is-plain-obj-2.1.0.tgz. Extracting by manifest.
335 silly tarball no local data for flat@https://registry.npmjs.org/flat/-/flat-5.0.2.tgz. Extracting by manifest.
336 silly tarball no local data for decamelize@https://registry.npmjs.org/decamelize/-/decamelize-4.0.0.tgz. Extracting by manifest.
337 silly tarball no local data for camelcase@https://registry.npmjs.org/camelcase/-/camelcase-6.3.0.tgz. Extracting by manifest.
338 silly tarball no local data for ansi-regex@https://registry.npmjs.org/ansi-regex/-/ansi-regex-5.0.1.tgz. Extracting by manifest.
339 silly tarball no local data for ansi-colors@https://registry.npmjs.org/ansi-colors/-/ansi-colors-4.1.3.tgz. Extracting by manifest.
340 silly tarball no local data for is-fullwidth-code-point@https://registry.npmjs.org/is-fullwidth-code-point/-/is-fullwidth-code-point-3.0.0.tgz. Extracting by manifest.
341 silly tarball no local data for emoji-regex@https://registry.npmjs.org/emoji-regex/-/emoji-regex-8.0.0.tgz. Extracting by manifest.
342 silly tarball no local data for wrap-ansi@https://registry.npmjs.org/wrap-ansi/-/wrap-ansi-7.0.0.tgz. Extracting by manifest.
343 silly tarball no local data for strip-ansi@https://registry.npmjs.org/strip-ansi/-/strip-ansi-6.0.1.tgz. Extracting by manifest.
344 silly tarball no local data for y18n@https://registry.npmjs.org/y18n/-/y18n-5.0.8.tgz. Extracting by manifest.
345 silly tarball no local data for string-width@https://registry.npmjs.org/string-width/-/string-width-4.2.3.tgz. Extracting by manifest.
346 silly tarball no local data for require-directory@https://registry.npmjs.org/require-directory/-/require-directory-2.1.1.tgz. Extracting by manifest.
347 silly tarball no local data for get-caller-file@https://registry.npmjs.org/get-caller-file/-/get-caller-file-2.0.5.tgz. Extracting by manifest.
348 silly tarball no local data for escalade@https://registry.npmjs.org/escalade/-/escalade-3.2.0.tgz. Extracting by manifest.
349 silly tarball no local data for cliui@https://registry.npmjs.org/cliui/-/cliui-7.0.4.tgz. Extracting by manifest.
350 silly tarball no local data for is-number@https://registry.npmjs.org/is-number/-/is-number-7.0.0.tgz. Extracting by manifest.
351 silly tarball no local data for has-flag@https://registry.npmjs.org/has-flag/-/has-flag-4.0.0.tgz. Extracting by manifest.
352 silly tarball no local data for randombytes@https://registry.npmjs.org/randombytes/-/randombytes-2.1.0.tgz. Extracting by manifest.
353 silly tarball no local data for yocto-queue@https://registry.npmjs.org/yocto-queue/-/yocto-queue-0.1.0.tgz. Extracting by manifest.
354 silly tarball no local data for p-limit@https://registry.npmjs.org/p-limit/-/p-limit-3.1.0.tgz. Extracting by manifest.
355 silly tarball no local data for balanced-match@https://registry.npmjs.org/balanced-match/-/balanced-match-1.0.2.tgz. Extracting by manifest.
356 silly tarball no local data for brace-expansion@https://registry.npmjs.org/brace-expansion/-/brace-expansion-2.0.1.tgz. Extracting by manifest.
357 silly tarball no local data for color-name@https://registry.npmjs.org/color-name/-/color-name-1.1.4.tgz. Extracting by manifest.
358 silly tarball no local data for color-convert@https://registry.npmjs.org/color-convert/-/color-convert-2.0.1.tgz. Extracting by manifest.
359 silly tarball no local data for ansi-styles@https://registry.npmjs.org/ansi-styles/-/ansi-styles-4.3.0.tgz. Extracting by manifest.
360 silly tarball no local data for is-unicode-supported@https://registry.npmjs.org/is-unicode-supported/-/is-unicode-supported-0.1.0.tgz. Extracting by manifest.
361 silly tarball no local data for chalk@https://registry.npmjs.org/chalk/-/chalk-4.1.2.tgz. Extracting by manifest.
362 silly tarball no local data for p-locate@https://registry.npmjs.org/p-locate/-/p-locate-5.0.0.tgz. Extracting by manifest.
363 silly tarball no local data for argparse@https://registry.npmjs.org/argparse/-/argparse-2.0.1.tgz. Extracting by manifest.
364 silly tarball no local data for is-extglob@https://registry.npmjs.org/is-extglob/-/is-extglob-2.1.1.tgz. Extracting by manifest.
365 silly tarball no local data for binary-extensions@https://registry.npmjs.org/binary-extensions/-/binary-extensions-2.3.0.tgz. Extracting by manifest.
366 silly tarball no local data for wrappy@https://registry.npmjs.org/wrappy/-/wrappy-1.0.2.tgz. Extracting by manifest.
367 silly tarball no local data for once@https://registry.npmjs.org/once/-/once-1.4.0.tgz. Extracting by manifest.
368 silly tarball no local data for inflight@https://registry.npmjs.org/inflight/-/inflight-1.0.6.tgz. Extracting by manifest.
369 silly tarball no local data for fs.realpath@https://registry.npmjs.org/fs.realpath/-/fs.realpath-1.0.0.tgz. Extracting by manifest.
370 silly tarball no local data for locate-path@https://registry.npmjs.org/locate-path/-/locate-path-6.0.0.tgz. Extracting by manifest.
371 silly tarball no local data for path-exists@https://registry.npmjs.org/path-exists/-/path-exists-4.0.0.tgz. Extracting by manifest.
372 silly tarball no local data for to-regex-range@https://registry.npmjs.org/to-regex-range/-/to-regex-range-5.0.1.tgz. Extracting by manifest.
373 silly tarball no local data for fill-range@https://registry.npmjs.org/fill-range/-/fill-range-7.1.1.tgz. Extracting by manifest.
374 silly tarball no local data for picomatch@https://registry.npmjs.org/picomatch/-/picomatch-2.3.1.tgz. Extracting by manifest.
375 silly tarball no local data for readdirp@https://registry.npmjs.org/readdirp/-/readdirp-3.6.0.tgz. Extracting by manifest.
376 silly tarball no local data for normalize-path@https://registry.npmjs.org/normalize-path/-/normalize-path-3.0.0.tgz. Extracting by manifest.
377 silly tarball no local data for is-glob@https://registry.npmjs.org/is-glob/-/is-glob-4.0.3.tgz. Extracting by manifest.
378 silly tarball no local data for is-binary-path@https://registry.npmjs.org/is-binary-path/-/is-binary-path-2.1.0.tgz. Extracting by manifest.
379 silly tarball no local data for glob-parent@https://registry.npmjs.org/glob-parent/-/glob-parent-5.1.2.tgz. Extracting by manifest.
380 silly tarball no local data for braces@https://registry.npmjs.org/braces/-/braces-3.0.3.tgz. Extracting by manifest.
381 silly tarball no local data for anymatch@https://registry.npmjs.org/anymatch/-/anymatch-3.1.3.tgz. Extracting by manifest.
382 silly tarball no local data for yargs-unparser@https://registry.npmjs.org/yargs-unparser/-/yargs-unparser-2.0.0.tgz. Extracting by manifest.
383 silly tarball no local data for yargs-parser@https://registry.npmjs.org/yargs-parser/-/yargs-parser-20.2.9.tgz. Extracting by manifest.
384 silly tarball no local data for yargs@https://registry.npmjs.org/yargs/-/yargs-16.2.0.tgz. Extracting by manifest.
385 silly tarball no local data for workerpool@https://registry.npmjs.org/workerpool/-/workerpool-6.5.1.tgz. Extracting by manifest.
386 silly tarball no local data for supports-color@https://registry.npmjs.org/supports-color/-/supports-color-8.1.1.tgz. Extracting by manifest.
387 silly tarball no local data for strip-json-comments@https://registry.npmjs.org/strip-json-comments/-/strip-json-comments-3.1.1.tgz. Extracting by manifest.
388 silly tarball no local data for serialize-javascript@https://registry.npmjs.org/serialize-javascript/-/serialize-javascript-6.0.2.tgz. Extracting by manifest.
389 silly tarball no local data for minimatch@https://registry.npmjs.org/minimatch/-/minimatch-5.1.6.tgz. Extracting by manifest.
390 silly tarball no local data for log-symbols@https://registry.npmjs.org/log-symbols/-/log-symbols-4.1.0.tgz. Extracting by manifest.
391 silly tarball no local data for js-yaml@https://registry.npmjs.org/js-yaml/-/js-yaml-4.1.0.tgz. Extracting by manifest.
392 silly tarball no local data for he@https://registry.npmjs.org/he/-/he-1.2.0.tgz. Extracting by manifest.
393 silly tarball no local data for glob@https://registry.npmjs.org/glob/-/glob-8.1.0.tgz. Extracting by manifest.
394 silly tarball no local data for find-up@https://registry.npmjs.org/find-up/-/find-up-5.0.0.tgz. Extracting by manifest.
395 silly tarball no local data for escape-string-regexp@https://registry.npmjs.org/escape-string-regexp/-/escape-string-regexp-4.0.0.tgz. Extracting by manifest.
396 silly tarball no local data for diff@https://registry.npmjs.org/diff/-/diff-5.2.0.tgz. Extracting by manifest.
397 silly tarball no local data for chokidar@https://registry.npmjs.org/chokidar/-/chokidar-3.6.0.tgz. Extracting by manifest.
398 silly tarball no local data for browser-stdout@https://registry.npmjs.org/browser-stdout/-/browser-stdout-1.3.1.tgz. Extracting by manifest.
399 silly tarball no local data for mocha@https://registry.npmjs.org/mocha/-/mocha-10.7.3.tgz. Extracting by manifest.
400 silly tarball no local data for supports-color@https://registry.npmjs.org/supports-color/-/supports-color-7.2.0.tgz. Extracting by manifest.
401 silly tarball no local data for debug@https://registry.npmjs.org/debug/-/debug-4.3.7.tgz. Extracting by manifest.
402 http fetch POST 200 https://registry.npmjs.org/-/npm/v1/security/advisories/bulk 401ms
403 timing auditReport:getReport Completed in 408ms
404 silly audit report {}
405 timing auditReport:init Completed in 0ms
406 timing reify:audit Completed in 410ms
407 timing reifyNode:node_modules/mocha/node_modules/ms Completed in 916ms
408 http fetch GET 200 https://registry.npmjs.org/is-plain-obj/-/is-plain-obj-2.1.0.tgz 889ms (cache miss)
409 timing reifyNode:node_modules/is-plain-obj Completed in 950ms
410 http fetch GET 200 https://registry.npmjs.org/ansi-regex/-/ansi-regex-5.0.1.tgz 880ms (cache miss)
411 timing reifyNode:node_modules/ansi-regex Completed in 950ms
412 http fetch GET 200 https://registry.npmjs.org/y18n/-/y18n-5.0.8.tgz 864ms (cache miss)
413 http fetch GET 200 https://registry.npmjs.org/camelcase/-/camelcase-6.3.0.tgz 899ms (cache miss)
414 timing reifyNode:node_modules/camelcase Completed in 968ms
415 http fetch GET 200 https://registry.npmjs.org/decamelize/-/decamelize-4.0.0.tgz 902ms (cache miss)
416 timing reifyNode:node_modules/decamelize Completed in 969ms
417 http fetch GET 200 https://registry.npmjs.org/randombytes/-/randombytes-2.1.0.tgz 871ms (cache miss)
418 http fetch GET 200 https://registry.npmjs.org/strip-ansi/-/strip-ansi-6.0.1.tgz 895ms (cache miss)
419 timing reifyNode:node_modules/strip-ansi Completed in 979ms
420 timing reifyNode:node_modules/randombytes Completed in 984ms
421 http fetch GET 200 https://registry.npmjs.org/wrap-ansi/-/wrap-ansi-7.0.0.tgz 904ms (cache miss)
422 timing reifyNode:node_modules/wrap-ansi Completed in 989ms
423 http fetch GET 200 https://registry.npmjs.org/require-directory/-/require-directory-2.1.1.tgz 898ms (cache miss)
424 timing reifyNode:node_modules/require-directory Completed in 989ms
425 http fetch GET 200 https://registry.npmjs.org/emoji-regex/-/emoji-regex-8.0.0.tgz 912ms (cache miss)
426 http fetch GET 200 https://registry.npmjs.org/is-number/-/is-number-7.0.0.tgz 891ms (cache miss)
427 timing reifyNode:node_modules/is-number Completed in 992ms
428 http fetch GET 200 https://registry.npmjs.org/balanced-match/-/balanced-match-1.0.2.tgz 877ms (cache miss)
429 timing reifyNode:node_modules/balanced-match Completed in 992ms
430 http fetch GET 200 https://registry.npmjs.org/has-flag/-/has-flag-4.0.0.tgz 890ms (cache miss)
431 timing reifyNode:node_modules/has-flag Completed in 993ms
432 http fetch GET 200 https://registry.npmjs.org/path-exists/-/path-exists-4.0.0.tgz 794ms (cache miss)
433 timing reifyNode:node_modules/path-exists Completed in 992ms
434 http fetch GET 200 https://registry.npmjs.org/once/-/once-1.4.0.tgz 809ms (cache miss)
435 timing reifyNode:node_modules/once Completed in 997ms
436 http fetch GET 200 https://registry.npmjs.org/binary-extensions/-/binary-extensions-2.3.0.tgz 814ms (cache miss)
437 timing reifyNode:node_modules/binary-extensions Completed in 998ms
438 http fetch GET 200 https://registry.npmjs.org/string-width/-/string-width-4.2.3.tgz 912ms (cache miss)
439 timing reifyNode:node_modules/string-width Completed in 1001ms
440 http fetch GET 200 https://registry.npmjs.org/yocto-queue/-/yocto-queue-0.1.0.tgz 894ms (cache miss)
441 timing reifyNode:node_modules/yocto-queue Completed in 1001ms
442 http fetch GET 200 https://registry.npmjs.org/p-limit/-/p-limit-3.1.0.tgz 888ms (cache miss)
443 timing reifyNode:node_modules/p-limit Completed in 1001ms
444 http fetch GET 200 https://registry.npmjs.org/color-name/-/color-name-1.1.4.tgz 883ms (cache miss)
445 timing reifyNode:node_modules/color-name Completed in 1001ms
446 http fetch GET 200 https://registry.npmjs.org/color-convert/-/color-convert-2.0.1.tgz 882ms (cache miss)
447 http fetch GET 200 https://registry.npmjs.org/cliui/-/cliui-7.0.4.tgz 914ms (cache miss)
448 timing reifyNode:node_modules/emoji-regex Completed in 1011ms
449 http fetch GET 200 https://registry.npmjs.org/escalade/-/escalade-3.2.0.tgz 916ms (cache miss)
450 http fetch GET 200 https://registry.npmjs.org/inflight/-/inflight-1.0.6.tgz 822ms (cache miss)
451 warn deprecated inflight@1.0.6: This module is not supported, and leaks memory. Do not use it. Check out lru-cache if you want a good and tested way to coalesce async requests by a key value, which is much more comprehensive and powerful.
452 timing reifyNode:node_modules/inflight Completed in 1013ms
453 http fetch GET 200 https://registry.npmjs.org/locate-path/-/locate-path-6.0.0.tgz 820ms (cache miss)
454 timing reifyNode:node_modules/locate-path Completed in 1013ms
455 http fetch GET 200 https://registry.npmjs.org/is-unicode-supported/-/is-unicode-supported-0.1.0.tgz 869ms (cache miss)
456 timing reifyNode:node_modules/is-unicode-supported Completed in 1014ms
457 http fetch GET 200 https://registry.npmjs.org/wrappy/-/wrappy-1.0.2.tgz 828ms (cache miss)
458 timing reifyNode:node_modules/wrappy Completed in 1014ms
459 http fetch GET 200 https://registry.npmjs.org/is-binary-path/-/is-binary-path-2.1.0.tgz 803ms (cache miss)
460 timing reifyNode:node_modules/is-binary-path Completed in 1015ms
461 timing reifyNode:node_modules/y18n Completed in 1018ms
462 http fetch GET 200 https://registry.npmjs.org/get-caller-file/-/get-caller-file-2.0.5.tgz 925ms (cache miss)
463 timing reifyNode:node_modules/get-caller-file Completed in 1018ms
464 http fetch GET 200 https://registry.npmjs.org/is-fullwidth-code-point/-/is-fullwidth-code-point-3.0.0.tgz 945ms (cache miss)
465 timing reifyNode:node_modules/is-fullwidth-code-point Completed in 1019ms
466 http fetch GET 200 https://registry.npmjs.org/escape-string-regexp/-/escape-string-regexp-4.0.0.tgz 762ms (cache miss)
467 timing reifyNode:node_modules/escape-string-regexp Completed in 1017ms
468 http fetch GET 200 https://registry.npmjs.org/browser-stdout/-/browser-stdout-1.3.1.tgz 753ms (cache miss)
469 timing reifyNode:node_modules/browser-stdout Completed in 1016ms
470 http fetch GET 200 https://registry.npmjs.org/chalk/-/chalk-4.1.2.tgz 864ms (cache miss)
471 timing reifyNode:node_modules/color-convert Completed in 1021ms
472 http fetch GET 200 https://registry.npmjs.org/fs.realpath/-/fs.realpath-1.0.0.tgz 829ms (cache miss)
473 timing reifyNode:node_modules/fs.realpath Completed in 1021ms
474 http fetch GET 200 https://registry.npmjs.org/serialize-javascript/-/serialize-javascript-6.0.2.tgz 783ms (cache miss)
475 timing reifyNode:node_modules/serialize-javascript Completed in 1021ms
476 http fetch GET 200 https://registry.npmjs.org/yargs-unparser/-/yargs-unparser-2.0.0.tgz 797ms (cache miss)
477 timing reifyNode:node_modules/yargs-unparser Completed in 1022ms
478 http fetch GET 200 https://registry.npmjs.org/normalize-path/-/normalize-path-3.0.0.tgz 813ms (cache miss)
479 timing reifyNode:node_modules/normalize-path Completed in 1023ms
480 timing reifyNode:node_modules/cliui Completed in 1025ms
481 http fetch GET 200 https://registry.npmjs.org/supports-color/-/supports-color-7.2.0.tgz 729ms (cache miss)
482 timing reifyNode:node_modules/chalk/node_modules/supports-color Completed in 1025ms
483 http fetch GET 200 https://registry.npmjs.org/ansi-styles/-/ansi-styles-4.3.0.tgz 893ms (cache miss)
484 timing reifyNode:node_modules/ansi-styles Completed in 1026ms
485 http fetch GET 200 https://registry.npmjs.org/brace-expansion/-/brace-expansion-2.0.1.tgz 911ms (cache miss)
486 timing reifyNode:node_modules/brace-expansion Completed in 1028ms
487 timing reifyNode:node_modules/chalk Completed in 1027ms
488 http fetch GET 200 https://registry.npmjs.org/p-locate/-/p-locate-5.0.0.tgz 861ms (cache miss)
489 timing reifyNode:node_modules/p-locate Completed in 1028ms
490 http fetch GET 200 https://registry.npmjs.org/is-extglob/-/is-extglob-2.1.1.tgz 846ms (cache miss)
491 timing reifyNode:node_modules/is-extglob Completed in 1028ms
492 http fetch GET 200 https://registry.npmjs.org/supports-color/-/supports-color-8.1.1.tgz 797ms (cache miss)
493 timing reifyNode:node_modules/supports-color Completed in 1028ms
494 http fetch GET 200 https://registry.npmjs.org/is-glob/-/is-glob-4.0.3.tgz 821ms (cache miss)
495 timing reifyNode:node_modules/is-glob Completed in 1031ms
496 http fetch GET 200 https://registry.npmjs.org/glob-parent/-/glob-parent-5.1.2.tgz 815ms (cache miss)
497 timing reifyNode:node_modules/glob-parent Completed in 1031ms
498 timing reifyNode:node_modules/escalade Completed in 1035ms
499 http fetch GET 200 https://registry.npmjs.org/flat/-/flat-5.0.2.tgz 976ms (cache miss)
500 timing reifyNode:node_modules/flat Completed in 1038ms
501 http fetch GET 200 https://registry.npmjs.org/strip-json-comments/-/strip-json-comments-3.1.1.tgz 802ms (cache miss)
502 timing reifyNode:node_modules/strip-json-comments Completed in 1036ms
503 http fetch GET 200 https://registry.npmjs.org/log-symbols/-/log-symbols-4.1.0.tgz 795ms (cache miss)
504 timing reifyNode:node_modules/log-symbols Completed in 1036ms
505 http fetch GET 200 https://registry.npmjs.org/find-up/-/find-up-5.0.0.tgz 784ms (cache miss)
506 timing reifyNode:node_modules/find-up Completed in 1040ms
507 http fetch GET 200 https://registry.npmjs.org/to-regex-range/-/to-regex-range-5.0.1.tgz 840ms (cache miss)
508 timing reifyNode:node_modules/to-regex-range Completed in 1041ms
509 http fetch GET 200 https://registry.npmjs.org/readdirp/-/readdirp-3.6.0.tgz 833ms (cache miss)
510 timing reifyNode:node_modules/readdirp Completed in 1042ms
511 http fetch GET 200 https://registry.npmjs.org/ansi-colors/-/ansi-colors-4.1.3.tgz 972ms (cache miss)
512 timing reifyNode:node_modules/ansi-colors Completed in 1040ms
513 http fetch GET 200 https://registry.npmjs.org/braces/-/braces-3.0.3.tgz 832ms (cache miss)
514 http fetch GET 200 https://registry.npmjs.org/minimatch/-/minimatch-5.1.6.tgz 812ms (cache miss)
515 timing reifyNode:node_modules/minimatch Completed in 1052ms
516 http fetch GET 200 https://registry.npmjs.org/anymatch/-/anymatch-3.1.3.tgz 837ms (cache miss)
517 timing reifyNode:node_modules/anymatch Completed in 1056ms
518 http fetch GET 200 https://registry.npmjs.org/fill-range/-/fill-range-7.1.1.tgz 858ms (cache miss)
519 timing reifyNode:node_modules/fill-range Completed in 1064ms
520 timing reifyNode:node_modules/braces Completed in 1064ms
521 http fetch GET 200 https://registry.npmjs.org/he/-/he-1.2.0.tgz 831ms (cache miss)
522 timing reifyNode:node_modules/he Completed in 1080ms
523 http fetch GET 200 https://registry.npmjs.org/chokidar/-/chokidar-3.6.0.tgz 823ms (cache miss)
524 timing reifyNode:node_modules/chokidar Completed in 1085ms
525 http fetch GET 200 https://registry.npmjs.org/argparse/-/argparse-2.0.1.tgz 908ms (cache miss)
526 timing reifyNode:node_modules/argparse Completed in 1088ms
527 http fetch GET 200 https://registry.npmjs.org/glob/-/glob-8.1.0.tgz 837ms (cache miss)
528 warn deprecated glob@8.1.0: Glob versions prior to v9 are no longer supported
529 timing reifyNode:node_modules/glob Completed in 1089ms
530 http fetch GET 200 https://registry.npmjs.org/picomatch/-/picomatch-2.3.1.tgz 885ms (cache miss)
531 timing reifyNode:node_modules/picomatch Completed in 1091ms
532 http fetch GET 200 https://registry.npmjs.org/debug/-/debug-4.3.7.tgz 746ms (cache miss)
533 timing reifyNode:node_modules/mocha/node_modules/debug Completed in 1090ms
534 http fetch GET 200 https://registry.npmjs.org/yargs-parser/-/yargs-parser-20.2.9.tgz 876ms (cache miss)
535 timing reifyNode:node_modules/yargs-parser Completed in 1103ms
536 http fetch GET 200 https://registry.npmjs.org/workerpool/-/workerpool-6.5.1.tgz 911ms (cache miss)
537 timing reifyNode:node_modules/workerpool Completed in 1143ms
538 http fetch GET 200 https://registry.npmjs.org/diff/-/diff-5.2.0.tgz 903ms (cache miss)
539 timing reifyNode:node_modules/diff Completed in 1158ms
540 http fetch GET 200 https://registry.npmjs.org/js-yaml/-/js-yaml-4.1.0.tgz 915ms (cache miss)
541 timing reifyNode:node_modules/js-yaml Completed in 1162ms
542 http fetch GET 200 https://registry.npmjs.org/yargs/-/yargs-16.2.0.tgz 937ms (cache miss)
543 timing reifyNode:node_modules/yargs Completed in 1164ms
544 http fetch GET 200 https://registry.npmjs.org/mocha/-/mocha-10.7.3.tgz 910ms (cache miss)
545 timing reifyNode:node_modules/mocha Completed in 1195ms
546 timing reify:unpack Completed in 1200ms
547 timing reify:unretire Completed in 0ms
548 timing build:queue Completed in 4ms
549 timing build:link:node_modules/flat Completed in 4ms
550 timing build:link:node_modules/he Completed in 3ms
551 timing build:link:node_modules/js-yaml Completed in 3ms
552 timing build:link:node_modules/mocha Completed in 3ms
553 timing build:link Completed in 5ms
554 timing build:deps Completed in 9ms
555 timing build Completed in 10ms
556 timing reify:build Completed in 11ms
557 timing reify:trash Completed in 0ms
558 timing reify:save Completed in 57ms
559 timing reify Completed in 3560ms
560 silly ADD node_modules/is-plain-obj
561 silly ADD node_modules/flat
562 silly ADD node_modules/decamelize
563 silly ADD node_modules/camelcase
564 silly ADD node_modules/ansi-regex
565 silly ADD node_modules/is-fullwidth-code-point
566 silly ADD node_modules/emoji-regex
567 silly ADD node_modules/wrap-ansi
568 silly ADD node_modules/strip-ansi
569 silly ADD node_modules/y18n
570 silly ADD node_modules/string-width
571 silly ADD node_modules/require-directory
572 silly ADD node_modules/get-caller-file
573 silly ADD node_modules/escalade
574 silly ADD node_modules/cliui
575 silly ADD node_modules/is-number
576 silly ADD node_modules/has-flag
577 silly ADD node_modules/randombytes
578 silly ADD node_modules/yocto-queue
579 silly ADD node_modules/p-limit
580 silly ADD node_modules/balanced-match
581 silly ADD node_modules/brace-expansion
582 silly ADD node_modules/color-name
583 silly ADD node_modules/color-convert
584 silly ADD node_modules/ansi-styles
585 silly ADD node_modules/is-unicode-supported
586 silly ADD node_modules/chalk
587 silly ADD node_modules/chalk/node_modules/supports-color
588 silly ADD node_modules/p-locate
589 silly ADD node_modules/argparse
590 silly ADD node_modules/is-extglob
591 silly ADD node_modules/binary-extensions
592 silly ADD node_modules/wrappy
593 silly ADD node_modules/once
594 silly ADD node_modules/inflight
595 silly ADD node_modules/fs.realpath
596 silly ADD node_modules/path-exists
597 silly ADD node_modules/locate-path
598 silly ADD node_modules/to-regex-range
599 silly ADD node_modules/fill-range
600 silly ADD node_modules/picomatch
601 silly ADD node_modules/readdirp
602 silly ADD node_modules/normalize-path
603 silly ADD node_modules/is-glob
604 silly ADD node_modules/is-binary-path
605 silly ADD node_modules/glob-parent
606 silly ADD
607 silly ADD node_modules/braces
608 silly ADD node_modules/anymatch
609 silly ADD node_modules/yargs-unparser
610 silly ADD node_modules/yargs-parser
611 silly ADD node_modules/yargs
612 silly ADD node_modules/workerpool
613 silly ADD node_modules/supports-color
614 silly ADD node_modules/strip-json-comments
615 silly ADD node_modules/serialize-javascript
616 silly ADD node_modules/minimatch
617 silly ADD node_modules/log-symbols
618 silly ADD node_modules/js-yaml
619 silly ADD node_modules/he
620 silly ADD node_modules/glob
621 silly ADD node_modules/find-up
622 silly ADD node_modules/escape-string-regexp
623 silly ADD node_modules/diff
624 silly ADD node_modules/chokidar
625 silly ADD node_modules/browser-stdout
626 silly ADD node_modules/ansi-colors
627 silly ADD node_modules/mocha
628 silly ADD node_modules/mocha/node_modules/ms
629 silly ADD node_modules/mocha/node_modules/debug
630 timing command:install Completed in 3574ms
631 verbose exit 0
632 timing npm Completed in 3626ms
633 info ok
